configure bridge port 1/1/5/1/1/1/1 max-unicast-mac 5
configure bridge port 1/1/5/1/1/1/1 vlan-id 10 tag single-tagged l2fwder-vlan 110 vlan-scope local
configure bridge port 1/1/5/1/1/1/1 vlan-id 20 tag single-tagged l2fwder-vlan 120 vlan-scope local qos priority:5
configure bridge port 1/1/5/1/1/1/1 vlan-id 30 tag single-tagged l2fwder-vlan 130 vlan-scope local qos priority:4
configure bridge port 1/1/5/1/1/1/1 vlan-id 99
configure bridge port 1/1/5/1/1/1/1 pvid 99
configure bridge port 1/1/5/1/2/1/1 max-unicast-mac 5
configure bridge port 1/1/5/1/2/1/1 vlan-id 10 tag single-tagged l2fwder-vlan 110 vlan-scope local
configure bridge port 1/1/5/1/2/1/1 vlan-id 20 tag single-tagged l2fwder-vlan 120 vlan-scope local qos priority:5
configure bridge port 1/1/5/1/2/1/1 vlan-id 30 tag single-tagged l2fwder-vlan 130 vlan-scope local qos priority:4
configure bridge port 1/1/5/1/2/1/1 vlan-id 99
configure bridge port 1/1/5/1/2/1/1 pvid 99
configure bridge port 1/1/5/1/3/1/1 max-unicast-mac 5
configure bridge port 1/1/5/1/3/1/1 vlan-id 10 tag single-tagged l2fwder-vlan 110 vlan-scope local
configure bridge port 1/1/5/1/3/1/1 vlan-id 20 tag single-tagged l2fwder-vlan 120 vlan-scope local qos priority:5
configure bridge port 1/1/5/1/3/1/1 vlan-id 30 tag single-tagged l2fwder-vlan 130 vlan-scope local qos priority:4
configure bridge port 1/1/5/1/3/1/1 vlan-id 99
configure bridge port 1/1/5/1/3/1/1 pvid 99
configure bridge port 1/1/5/1/4/1/1 max-unicast-mac 5
configure bridge port 1/1/5/1/4/1/1 vlan-id 10 tag single-tagged l2fwder-vlan 110 vlan-scope local
configure bridge port 1/1/5/1/4/1/1 vlan-id 20 tag single-tagged l2fwder-vlan 120 vlan-scope local qos priority:5
configure bridge port 1/1/5/1/4/1/1 vlan-id 30 tag single-tagged l2fwder-vlan 130 vlan-scope local qos priority:4
configure bridge port 1/1/5/1/4/1/1 vlan-id 99
configure bridge port 1/1/5/1/4/1/1 pvid 99
configure bridge port 1/1/5/1/5/1/1 max-unicast-mac 5
configure bridge port 1/1/5/1/5/1/1 vlan-id 10 tag single-tagged l2fwder-vlan 629 vlan-scope local
configure bridge port 1/1/5/1/5/1/1 vlan-id 20 tag single-tagged l2fwder-vlan 699 vlan-scope local qos priority:5
configure bridge port 1/1/5/1/5/1/1 vlan-id 30 tag single-tagged l2fwder-vlan 130 vlan-scope local qos priority:4
configure bridge port 1/1/5/1/6/1/1 max-unicast-mac 20
configure bridge port 1/1/5/1/6/1/1 vlan-id 10 tag single-tagged l2fwder-vlan 110 vlan-scope local
configure bridge port 1/1/5/1/6/1/1 vlan-id 20 tag single-tagged l2fwder-vlan 120 vlan-scope local qos priority:5
configure bridge port 1/1/5/1/6/1/1 vlan-id 30 tag single-tagged l2fwder-vlan 800 vlan-scope local qos priority:4
configure bridge port 1/1/5/1/6/1/1 vlan-id 99
configure bridge port 1/1/5/1/6/1/1 pvid 99
configure bridge port 1/1/5/1/7/1/1 max-unicast-mac 5
configure bridge port 1/1/5/1/7/1/1 vlan-id 10 tag single-tagged l2fwder-vlan 110 vlan-scope local
configure bridge port 1/1/5/1/7/1/1 vlan-id 20 tag single-tagged l2fwder-vlan 120 vlan-scope local qos priority:5
configure bridge port 1/1/5/1/7/1/1 vlan-id 30 tag single-tagged l2fwder-vlan 130 vlan-scope local qos priority:4
configure bridge port 1/1/5/1/7/1/1 vlan-id 99
configure bridge port 1/1/5/1/7/1/1 pvid 99
configure bridge port 1/1/5/1/8/1/1 max-unicast-mac 5
configure bridge port 1/1/5/1/8/1/1 vlan-id 10 tag single-tagged l2fwder-vlan 110 vlan-scope local
configure bridge port 1/1/5/1/8/1/1 vlan-id 20 tag single-tagged l2fwder-vlan 120 vlan-scope local qos priority:5
configure bridge port 1/1/5/1/8/1/1 vlan-id 30 tag single-tagged l2fwder-vlan 130 vlan-scope local qos priority:4
configure bridge port 1/1/5/1/8/1/1 vlan-id 99
configure bridge port 1/1/5/1/8/1/1 pvid 99
configure bridge port 1/1/5/1/9/1/1 max-unicast-mac 5
configure bridge port 1/1/5/1/9/1/1 vlan-id 10 tag single-tagged l2fwder-vlan 110 vlan-scope local
configure bridge port 1/1/5/1/9/1/1 vlan-id 20 tag single-tagged l2fwder-vlan 120 vlan-scope local qos priority:5
configure bridge port 1/1/5/1/9/1/1 vlan-id 30 tag single-tagged l2fwder-vlan 130 vlan-scope local qos priority:4
configure bridge port 1/1/5/1/9/1/1 vlan-id 99
configure bridge port 1/1/5/1/9/1/1 pvid 99
configure bridge port 1/1/5/1/10/1/1 max-unicast-mac 5
configure bridge port 1/1/5/1/10/1/1 vlan-id 10 tag single-tagged l2fwder-vlan 110 vlan-scope local
configure bridge port 1/1/5/1/10/1/1 vlan-id 20 tag single-tagged l2fwder-vlan 120 vlan-scope local qos priority:5
configure bridge port 1/1/5/1/10/1/1 vlan-id 30 tag single-tagged l2fwder-vlan 130 vlan-scope local qos priority:4
configure bridge port 1/1/5/1/10/1/1 vlan-id 99
configure bridge port 1/1/5/1/10/1/1 pvid 99
configure bridge port 1/1/5/2/1/1/1 max-unicast-mac 5
configure bridge port 1/1/5/2/1/1/1 vlan-id 10 tag single-tagged l2fwder-vlan 110 vlan-scope local
configure bridge port 1/1/5/2/1/1/1 vlan-id 20 tag single-tagged l2fwder-vlan 120 vlan-scope local qos priority:5
configure bridge port 1/1/5/2/1/1/1 vlan-id 30 tag single-tagged l2fwder-vlan 130 vlan-scope local qos priority:4
configure bridge port 1/1/5/2/1/1/1 vlan-id 99
configure bridge port 1/1/5/2/1/1/1 pvid 99
configure bridge port 1/1/5/5/1/1/1 max-unicast-mac 5
configure bridge port 1/1/5/5/1/1/1 vlan-id 10 tag single-tagged l2fwder-vlan 110 vlan-scope local
configure bridge port 1/1/5/5/1/1/1 vlan-id 20 tag single-tagged l2fwder-vlan 120 vlan-scope local qos priority:5
configure bridge port 1/1/5/5/1/1/1 vlan-id 30 tag single-tagged l2fwder-vlan 130 vlan-scope local qos priority:4
configure bridge port 1/1/5/5/1/1/1 vlan-id 99
configure bridge port 1/1/5/5/1/1/1 pvid 99
configure bridge port 1/1/5/5/2/1/1 max-unicast-mac 5
configure bridge port 1/1/5/5/2/1/1 vlan-id 10 tag single-tagged l2fwder-vlan 110 vlan-scope local
configure bridge port 1/1/5/5/2/1/1 vlan-id 20 tag single-tagged l2fwder-vlan 120 vlan-scope local qos priority:5
configure bridge port 1/1/5/5/2/1/1 vlan-id 30 tag single-tagged l2fwder-vlan 130 vlan-scope local qos priority:4
configure bridge port 1/1/5/5/2/1/1 vlan-id 99
configure bridge port 1/1/5/5/2/1/1 pvid 99
configure bridge port 1/1/5/5/3/1/1 max-unicast-mac 5
configure bridge port 1/1/5/5/3/1/1 vlan-id 10 tag single-tagged l2fwder-vlan 110 vlan-scope local
configure bridge port 1/1/5/5/3/1/1 vlan-id 20 tag single-tagged l2fwder-vlan 120 vlan-scope local qos priority:5
configure bridge port 1/1/5/5/3/1/1 vlan-id 30 tag single-tagged l2fwder-vlan 130 vlan-scope local qos priority:4
configure bridge port 1/1/5/5/3/1/1 vlan-id 99
configure bridge port 1/1/5/5/3/1/1 pvid 99
configure bridge port 1/1/5/5/4/1/1 max-unicast-mac 5
configure bridge port 1/1/5/5/4/1/1 vlan-id 10 tag single-tagged l2fwder-vlan 110 vlan-scope local
configure bridge port 1/1/5/5/4/1/1 vlan-id 20 tag single-tagged l2fwder-vlan 120 vlan-scope local qos priority:5
configure bridge port 1/1/5/5/4/1/1 vlan-id 30 tag single-tagged l2fwder-vlan 130 vlan-scope local qos priority:4
configure bridge port 1/1/5/5/4/1/1 vlan-id 99
configure bridge port 1/1/5/5/4/1/1 pvid 99
configure bridge port 1/1/5/5/5/1/1 max-unicast-mac 5
configure bridge port 1/1/5/5/5/1/1 vlan-id 10 tag single-tagged l2fwder-vlan 110 vlan-scope local
configure bridge port 1/1/5/5/5/1/1 vlan-id 20 tag single-tagged l2fwder-vlan 120 vlan-scope local qos priority:5
configure bridge port 1/1/5/5/5/1/1 vlan-id 30 tag single-tagged l2fwder-vlan 130 vlan-scope local qos priority:4
configure bridge port 1/1/5/5/5/1/1 vlan-id 99
configure bridge port 1/1/5/5/5/1/1 pvid 99
configure bridge port 1/1/5/5/6/1/1 max-unicast-mac 5
configure bridge port 1/1/5/5/6/1/1 vlan-id 10 tag single-tagged l2fwder-vlan 110 vlan-scope local
configure bridge port 1/1/5/5/6/1/1 vlan-id 20 tag single-tagged l2fwder-vlan 120 vlan-scope local qos priority:5
configure bridge port 1/1/5/5/6/1/1 vlan-id 30 tag single-tagged l2fwder-vlan 130 vlan-scope local qos priority:4
configure bridge port 1/1/5/5/6/1/1 vlan-id 99
configure bridge port 1/1/5/5/6/1/1 pvid 99
configure bridge port 1/1/5/5/7/1/1 max-unicast-mac 5
configure bridge port 1/1/5/5/7/1/1 vlan-id 10 tag single-tagged l2fwder-vlan 110 vlan-scope local
configure bridge port 1/1/5/5/7/1/1 vlan-id 20 tag single-tagged l2fwder-vlan 120 vlan-scope local qos priority:5
configure bridge port 1/1/5/5/7/1/1 vlan-id 30 tag single-tagged l2fwder-vlan 130 vlan-scope local qos priority:4
configure bridge port 1/1/5/5/7/1/1 vlan-id 99
configure bridge port 1/1/5/5/7/1/1 pvid 99
configure bridge port 1/1/5/5/8/1/1 max-unicast-mac 5
configure bridge port 1/1/5/5/8/1/1 vlan-id 10 tag single-tagged l2fwder-vlan 110 vlan-scope local
configure bridge port 1/1/5/5/8/1/1 vlan-id 20 tag single-tagged l2fwder-vlan 120 vlan-scope local qos priority:5
configure bridge port 1/1/5/5/8/1/1 vlan-id 30 tag single-tagged l2fwder-vlan 130 vlan-scope local qos priority:4
configure bridge port 1/1/5/5/8/1/1 vlan-id 99
configure bridge port 1/1/5/5/8/1/1 pvid 99
configure bridge port 1/1/5/5/9/1/1 max-unicast-mac 5
configure bridge port 1/1/5/5/10/1/1 max-unicast-mac 5
configure bridge port 1/1/5/5/11/1/1 max-unicast-mac 5
configure bridge port 1/1/5/5/12/1/1 max-unicast-mac 5
configure bridge port 1/1/5/5/13/1/1 max-unicast-mac 5
configure bridge port 1/1/5/5/14/1/1 max-unicast-mac 5
configure bridge port 1/1/5/5/15/1/1 max-unicast-mac 5
configure bridge port 1/1/5/5/16/1/1 max-unicast-mac 5
configure bridge port 1/1/5/5/17/1/1 max-unicast-mac 5
configure bridge port 1/1/5/5/17/1/1 vlan-id 10 tag single-tagged l2fwder-vlan 110 vlan-scope local
configure bridge port 1/1/5/5/17/1/1 vlan-id 20 tag single-tagged l2fwder-vlan 120 vlan-scope local qos priority:5
configure bridge port 1/1/5/5/17/1/1 vlan-id 30 tag single-tagged l2fwder-vlan 130 vlan-scope local qos priority:4
configure bridge port 1/1/5/5/17/1/1 vlan-id 99
configure bridge port 1/1/5/5/17/1/1 pvid 99
configure bridge port 1/1/3/1 max-unicast-mac 5
configure bridge port 1/1/3/1 vlan-id 10 tag single-tagged l2fwder-vlan 110 vlan-scope local
configure bridge port 1/1/3/1 vlan-id 30 tag single-tagged l2fwder-vlan 130 vlan-scope local qos priority:4
configure bridge port 1/1/3/1 vlan-id 99
configure bridge port 1/1/3/1 pvid 99
configure bridge port 1/1/3/2 max-unicast-mac 5
configure bridge port 1/1/3/2 vlan-id 10 tag single-tagged l2fwder-vlan 110 vlan-scope local
configure bridge port 1/1/3/2 vlan-id 30 tag single-tagged l2fwder-vlan 130 vlan-scope local qos priority:4
configure bridge port 1/1/3/2 vlan-id 99
configure bridge port 1/1/3/2 pvid 99
configure bridge port 1/1/3/3 max-unicast-mac 5
configure bridge port 1/1/3/3 vlan-id 30 tag single-tagged l2fwder-vlan 130 vlan-scope local qos priority:4
configure bridge port 1/1/3/3 vlan-id 99
configure bridge port 1/1/3/3 pvid 99
configure bridge port 1/1/3/4 max-unicast-mac 5
configure bridge port 1/1/3/4 vlan-id 30 tag single-tagged l2fwder-vlan 130 vlan-scope local qos priority:4
configure bridge port 1/1/3/4 vlan-id 99
configure bridge port 1/1/3/4 pvid 99
configure bridge port 1/1/3/5 max-unicast-mac 5
configure bridge port 1/1/3/5 vlan-id 30 tag single-tagged l2fwder-vlan 130 vlan-scope local qos priority:4
configure bridge port 1/1/3/5 vlan-id 99
configure bridge port 1/1/3/5 pvid 99
configure bridge port 1/1/3/6 max-unicast-mac 5
configure bridge port 1/1/3/6 vlan-id 30 tag single-tagged l2fwder-vlan 130 vlan-scope local qos priority:4
configure bridge port 1/1/3/6 vlan-id 99
configure bridge port 1/1/3/6 pvid 99
configure bridge port 1/1/3/7 max-unicast-mac 5
configure bridge port 1/1/3/7 vlan-id 30 tag single-tagged l2fwder-vlan 130 vlan-scope local qos priority:4
configure bridge port 1/1/3/7 vlan-id 99
configure bridge port 1/1/3/7 pvid 99
configure bridge port 1/1/3/8 max-unicast-mac 5
configure bridge port 1/1/3/8 vlan-id 30 tag single-tagged l2fwder-vlan 130 vlan-scope local qos priority:4
configure bridge port 1/1/3/8 vlan-id 99
configure bridge port 1/1/3/8 pvid 99
configure bridge port 1/1/3/9 max-unicast-mac 5
configure bridge port 1/1/3/9 vlan-id 10 tag single-tagged l2fwder-vlan 110 vlan-scope local
configure bridge port 1/1/3/9 vlan-id 20 tag single-tagged l2fwder-vlan 120 vlan-scope local qos priority:5
configure bridge port 1/1/3/9 vlan-id 30 tag single-tagged l2fwder-vlan 130 vlan-scope local qos priority:4
configure bridge port 1/1/3/9 vlan-id 99
configure bridge port 1/1/3/9 pvid 99
configure bridge port 1/1/3/10 max-unicast-mac 5
configure bridge port 1/1/3/10 vlan-id 30 tag single-tagged l2fwder-vlan 130 vlan-scope local qos priority:4
configure bridge port 1/1/3/10 vlan-id 99
configure bridge port 1/1/3/10 pvid 99
configure bridge port 1/1/3/11 max-unicast-mac 5
configure bridge port 1/1/3/11 vlan-id 30 tag single-tagged l2fwder-vlan 130 vlan-scope local qos priority:4
configure bridge port 1/1/3/11 vlan-id 99
configure bridge port 1/1/3/11 pvid 99
configure bridge port 1/1/3/12 max-unicast-mac 5
configure bridge port 1/1/3/12 vlan-id 30 tag single-tagged l2fwder-vlan 130 vlan-scope local qos priority:4
configure bridge port 1/1/3/12 vlan-id 99
configure bridge port 1/1/3/12 pvid 99
configure bridge port 1/1/3/13 max-unicast-mac 5
configure bridge port 1/1/3/13 vlan-id 30 tag single-tagged l2fwder-vlan 130 vlan-scope local qos priority:4
configure bridge port 1/1/3/13 vlan-id 99
configure bridge port 1/1/3/13 pvid 99
configure bridge port 1/1/3/14 max-unicast-mac 5
configure bridge port 1/1/3/14 vlan-id 30 tag single-tagged l2fwder-vlan 130 vlan-scope local qos priority:4
configure bridge port 1/1/3/14 vlan-id 99
configure bridge port 1/1/3/14 pvid 99
configure bridge port 1/1/3/15 max-unicast-mac 5
configure bridge port 1/1/3/15 vlan-id 30 tag single-tagged l2fwder-vlan 130 vlan-scope local qos priority:4
configure bridge port 1/1/3/15 vlan-id 99
configure bridge port 1/1/3/15 pvid 99
configure bridge port 1/1/3/16 max-unicast-mac 5
configure bridge port 1/1/3/16 vlan-id 30 tag single-tagged l2fwder-vlan 130 vlan-scope local qos priority:4
configure bridge port 1/1/3/16 vlan-id 99
configure bridge port 1/1/3/16 pvid 99
configure bridge port 1/1/3/17 max-unicast-mac 5
configure bridge port 1/1/3/17 vlan-id 30 tag single-tagged l2fwder-vlan 130 vlan-scope local qos priority:4
configure bridge port 1/1/3/17 vlan-id 99
configure bridge port 1/1/3/17 pvid 99
configure bridge port 1/1/3/18 max-unicast-mac 5
configure bridge port 1/1/3/18 vlan-id 30 tag single-tagged l2fwder-vlan 130 vlan-scope local qos priority:4
configure bridge port 1/1/3/18 vlan-id 99
configure bridge port 1/1/3/18 pvid 99
configure bridge port 1/1/3/19 max-unicast-mac 5
configure bridge port 1/1/3/19 vlan-id 30 tag single-tagged l2fwder-vlan 130 vlan-scope local qos priority:4
configure bridge port 1/1/3/19 vlan-id 99
configure bridge port 1/1/3/19 pvid 99
configure bridge port 1/1/3/20 max-unicast-mac 5
configure bridge port 1/1/3/20 vlan-id 30 tag single-tagged l2fwder-vlan 130 vlan-scope local qos priority:4
configure bridge port 1/1/3/20 vlan-id 99
configure bridge port 1/1/3/20 pvid 99
configure bridge port 1/1/3/21 max-unicast-mac 5
configure bridge port 1/1/3/21 vlan-id 30 tag single-tagged l2fwder-vlan 130 vlan-scope local qos priority:4
configure bridge port 1/1/3/21 vlan-id 99
configure bridge port 1/1/3/21 pvid 99
configure bridge port 1/1/3/22 max-unicast-mac 5
configure bridge port 1/1/3/22 vlan-id 30 tag single-tagged l2fwder-vlan 130 vlan-scope local qos priority:4
configure bridge port 1/1/3/22 vlan-id 99
configure bridge port 1/1/3/22 pvid 99
configure bridge port 1/1/3/23 max-unicast-mac 5
configure bridge port 1/1/3/23 vlan-id 30 tag single-tagged l2fwder-vlan 130 vlan-scope local qos priority:4
configure bridge port 1/1/3/23 vlan-id 99
configure bridge port 1/1/3/23 pvid 99
configure bridge port 1/1/3/24 max-unicast-mac 5
configure bridge port 1/1/3/24 vlan-id 30 tag single-tagged l2fwder-vlan 130 vlan-scope local qos priority:4
configure bridge port 1/1/3/24 vlan-id 99
configure bridge port 1/1/3/24 pvid 99
configure bridge port 1/1/3/25 max-unicast-mac 5
configure bridge port 1/1/3/25 vlan-id 30 tag single-tagged l2fwder-vlan 130 vlan-scope local qos priority:4
configure bridge port 1/1/3/25 vlan-id 99
configure bridge port 1/1/3/25 pvid 99
configure bridge port 1/1/3/26 max-unicast-mac 5
configure bridge port 1/1/3/26 vlan-id 30 tag single-tagged l2fwder-vlan 130 vlan-scope local qos priority:4
configure bridge port 1/1/3/26 vlan-id 99
configure bridge port 1/1/3/26 pvid 99
configure bridge port 1/1/3/27 max-unicast-mac 5
configure bridge port 1/1/3/27 vlan-id 30 tag single-tagged l2fwder-vlan 130 vlan-scope local qos priority:4
configure bridge port 1/1/3/27 vlan-id 99
configure bridge port 1/1/3/27 pvid 99
configure bridge port 1/1/3/28 max-unicast-mac 5
configure bridge port 1/1/3/28 vlan-id 30 tag single-tagged l2fwder-vlan 130 vlan-scope local qos priority:4
configure bridge port 1/1/3/28 vlan-id 99
configure bridge port 1/1/3/28 pvid 99
configure bridge port 1/1/3/29 max-unicast-mac 5
configure bridge port 1/1/3/29 vlan-id 30 tag single-tagged l2fwder-vlan 130 vlan-scope local qos priority:4
configure bridge port 1/1/3/29 vlan-id 99
configure bridge port 1/1/3/29 pvid 99
configure bridge port 1/1/3/30 max-unicast-mac 5
configure bridge port 1/1/3/30 vlan-id 30 tag single-tagged l2fwder-vlan 130 vlan-scope local qos priority:4
configure bridge port 1/1/3/30 vlan-id 99
configure bridge port 1/1/3/30 pvid 99
configure bridge port 1/1/3/31 max-unicast-mac 5
configure bridge port 1/1/3/31 vlan-id 30 tag single-tagged l2fwder-vlan 130 vlan-scope local qos priority:4
configure bridge port 1/1/3/31 vlan-id 99
configure bridge port 1/1/3/31 pvid 99
configure bridge port 1/1/3/32 max-unicast-mac 5
configure bridge port 1/1/3/32 vlan-id 30 tag single-tagged l2fwder-vlan 130 vlan-scope local qos priority:4
configure bridge port 1/1/3/32 vlan-id 99
configure bridge port 1/1/3/32 pvid 99
configure bridge port 1/1/3/33 max-unicast-mac 5
configure bridge port 1/1/3/33 vlan-id 30 tag single-tagged l2fwder-vlan 130 vlan-scope local qos priority:4
configure bridge port 1/1/3/33 vlan-id 99
configure bridge port 1/1/3/33 pvid 99
configure bridge port 1/1/3/34 max-unicast-mac 5
configure bridge port 1/1/3/34 vlan-id 30 tag single-tagged l2fwder-vlan 130 vlan-scope local qos priority:4
configure bridge port 1/1/3/34 vlan-id 99
configure bridge port 1/1/3/34 pvid 99
configure bridge port 1/1/3/35 max-unicast-mac 5
configure bridge port 1/1/3/35 vlan-id 30 tag single-tagged l2fwder-vlan 130 vlan-scope local qos priority:4
configure bridge port 1/1/3/35 vlan-id 99
configure bridge port 1/1/3/35 pvid 99
configure bridge port 1/1/3/36 max-unicast-mac 5
configure bridge port 1/1/3/36 vlan-id 30 tag single-tagged l2fwder-vlan 130 vlan-scope local qos priority:4
configure bridge port 1/1/3/36 vlan-id 99
configure bridge port 1/1/3/36 pvid 99
configure bridge port 1/1/3/37 max-unicast-mac 5
configure bridge port 1/1/3/37 vlan-id 30 tag single-tagged l2fwder-vlan 130 vlan-scope local qos priority:4
configure bridge port 1/1/3/37 vlan-id 99
configure bridge port 1/1/3/37 pvid 99
configure bridge port 1/1/3/38 max-unicast-mac 5
configure bridge port 1/1/3/38 vlan-id 30 tag single-tagged l2fwder-vlan 130 vlan-scope local qos priority:4
configure bridge port 1/1/3/38 vlan-id 99
configure bridge port 1/1/3/38 pvid 99
configure bridge port 1/1/3/39 max-unicast-mac 5
configure bridge port 1/1/3/39 vlan-id 30 tag single-tagged l2fwder-vlan 130 vlan-scope local qos priority:4
configure bridge port 1/1/3/39 vlan-id 99
configure bridge port 1/1/3/39 pvid 99
configure bridge port 1/1/3/40 max-unicast-mac 5
configure bridge port 1/1/3/40 vlan-id 30 tag single-tagged l2fwder-vlan 130 vlan-scope local qos priority:4
configure bridge port 1/1/3/40 vlan-id 99
configure bridge port 1/1/3/40 pvid 99
configure bridge port 1/1/3/41 max-unicast-mac 5
configure bridge port 1/1/3/41 vlan-id 30 tag single-tagged l2fwder-vlan 130 vlan-scope local qos priority:4
configure bridge port 1/1/3/41 vlan-id 99
configure bridge port 1/1/3/41 pvid 99
configure bridge port 1/1/3/42 max-unicast-mac 5
configure bridge port 1/1/3/42 vlan-id 30 tag single-tagged l2fwder-vlan 130 vlan-scope local qos priority:4
configure bridge port 1/1/3/42 vlan-id 99
configure bridge port 1/1/3/42 pvid 99
configure bridge port 1/1/3/43 max-unicast-mac 5
configure bridge port 1/1/3/43 vlan-id 30 tag single-tagged l2fwder-vlan 130 vlan-scope local qos priority:4
configure bridge port 1/1/3/43 vlan-id 99
configure bridge port 1/1/3/43 pvid 99
configure bridge port 1/1/3/44 max-unicast-mac 5
configure bridge port 1/1/3/44 vlan-id 30 tag single-tagged l2fwder-vlan 130 vlan-scope local qos priority:4
configure bridge port 1/1/3/44 vlan-id 99
configure bridge port 1/1/3/44 pvid 99
configure bridge port 1/1/3/45 max-unicast-mac 5
configure bridge port 1/1/3/45 vlan-id 30 tag single-tagged l2fwder-vlan 130 vlan-scope local qos priority:4
configure bridge port 1/1/3/45 vlan-id 99
configure bridge port 1/1/3/45 pvid 99
configure bridge port 1/1/3/46 max-unicast-mac 5
configure bridge port 1/1/3/46 vlan-id 30 tag single-tagged l2fwder-vlan 130 vlan-scope local qos priority:4
configure bridge port 1/1/3/46 vlan-id 99
configure bridge port 1/1/3/46 pvid 99
configure bridge port 1/1/3/47 max-unicast-mac 5
configure bridge port 1/1/3/47 vlan-id 10 tag single-tagged l2fwder-vlan 110 vlan-scope local
configure bridge port 1/1/3/47 vlan-id 30 tag single-tagged l2fwder-vlan 130 vlan-scope local qos priority:4
configure bridge port 1/1/3/47 vlan-id 99
configure bridge port 1/1/3/47 pvid 99
configure bridge port 1/1/3/48 max-unicast-mac 5
configure bridge port 1/1/3/48 vlan-id 10 tag single-tagged l2fwder-vlan 110 vlan-scope local
configure bridge port 1/1/3/48 vlan-id 30 tag single-tagged l2fwder-vlan 130 vlan-scope local qos priority:4
configure bridge port 1/1/3/48 vlan-id 99
configure bridge port 1/1/3/48 pvid 99
configure bridge port 1/1/4/1 max-unicast-mac 5
configure bridge port 1/1/4/1 vlan-id 10 tag single-tagged l2fwder-vlan 130 vlan-scope local qos priority:4
configure bridge port 1/1/4/1 vlan-id 99
configure bridge port 1/1/4/1 pvid 99
configure bridge port 1/1/4/2 max-unicast-mac 5
configure bridge port 1/1/4/2 vlan-id 10 tag single-tagged l2fwder-vlan 130 vlan-scope local qos priority:4
configure bridge port 1/1/4/2 vlan-id 99
configure bridge port 1/1/4/2 pvid 99
configure bridge port 1/1/4/3 max-unicast-mac 5
configure bridge port 1/1/4/3 vlan-id 10 tag single-tagged l2fwder-vlan 130 vlan-scope local qos priority:4
configure bridge port 1/1/4/3 vlan-id 99
configure bridge port 1/1/4/3 pvid 99
configure bridge port 1/1/4/4 max-unicast-mac 5
configure bridge port 1/1/4/4 vlan-id 10 tag single-tagged l2fwder-vlan 130 vlan-scope local qos priority:4
configure bridge port 1/1/4/4 vlan-id 99
configure bridge port 1/1/4/4 pvid 99
configure bridge port 1/1/4/5 max-unicast-mac 5
configure bridge port 1/1/4/5 vlan-id 10 tag single-tagged l2fwder-vlan 130 vlan-scope local qos priority:4
configure bridge port 1/1/4/5 vlan-id 99
configure bridge port 1/1/4/5 pvid 99
configure bridge port 1/1/4/6 max-unicast-mac 5
configure bridge port 1/1/4/6 vlan-id 10 tag single-tagged l2fwder-vlan 130 vlan-scope local qos priority:4
configure bridge port 1/1/4/6 vlan-id 99
configure bridge port 1/1/4/6 pvid 99
configure bridge port 1/1/4/7 max-unicast-mac 5
configure bridge port 1/1/4/7 vlan-id 10 tag single-tagged l2fwder-vlan 130 vlan-scope local qos priority:4
configure bridge port 1/1/4/7 vlan-id 99
configure bridge port 1/1/4/7 pvid 99
configure bridge port 1/1/4/8 max-unicast-mac 5
configure bridge port 1/1/4/8 vlan-id 10 tag single-tagged l2fwder-vlan 110 vlan-scope local qos priority:4
configure bridge port 1/1/4/8 vlan-id 30 tag single-tagged l2fwder-vlan 130 vlan-scope local qos priority:4
configure bridge port 1/1/4/8 vlan-id 99
configure bridge port 1/1/4/8 pvid 99
configure bridge port 1/1/4/9 max-unicast-mac 5
configure bridge port 1/1/4/9 vlan-id 10 tag single-tagged l2fwder-vlan 130 vlan-scope local qos priority:4
configure bridge port 1/1/4/9 vlan-id 99
configure bridge port 1/1/4/9 pvid 99
configure bridge port 1/1/4/10 max-unicast-mac 5
configure bridge port 1/1/4/10 vlan-id 10 tag single-tagged l2fwder-vlan 130 vlan-scope local qos priority:4
configure bridge port 1/1/4/10 vlan-id 99
configure bridge port 1/1/4/10 pvid 99
configure bridge port 1/1/4/11 max-unicast-mac 5
configure bridge port 1/1/4/11 vlan-id 10 tag single-tagged l2fwder-vlan 130 vlan-scope local qos priority:4
configure bridge port 1/1/4/11 vlan-id 99
configure bridge port 1/1/4/11 pvid 99
configure bridge port 1/1/4/12 max-unicast-mac 5
configure bridge port 1/1/4/12 vlan-id 10 tag single-tagged l2fwder-vlan 130 vlan-scope local qos priority:4
configure bridge port 1/1/4/12 vlan-id 99
configure bridge port 1/1/4/12 pvid 99
configure bridge port 1/1/4/13 max-unicast-mac 5
configure bridge port 1/1/4/13 vlan-id 10 tag single-tagged l2fwder-vlan 130 vlan-scope local qos priority:4
configure bridge port 1/1/4/13 vlan-id 99
configure bridge port 1/1/4/13 pvid 99
configure bridge port 1/1/4/14 max-unicast-mac 5
configure bridge port 1/1/4/14 vlan-id 10 tag single-tagged l2fwder-vlan 130 vlan-scope local qos priority:4
configure bridge port 1/1/4/14 vlan-id 99
configure bridge port 1/1/4/14 pvid 99
configure bridge port 1/1/4/15 max-unicast-mac 5
configure bridge port 1/1/4/15 vlan-id 10 tag single-tagged l2fwder-vlan 130 vlan-scope local qos priority:4
configure bridge port 1/1/4/15 vlan-id 99
configure bridge port 1/1/4/15 pvid 99
configure bridge port 1/1/4/16 max-unicast-mac 5
configure bridge port 1/1/4/16 vlan-id 10 tag single-tagged l2fwder-vlan 130 vlan-scope local qos priority:4
configure bridge port 1/1/4/16 vlan-id 99
configure bridge port 1/1/4/16 pvid 99
configure bridge port 1/1/4/17 max-unicast-mac 5
configure bridge port 1/1/4/17 vlan-id 10 tag single-tagged l2fwder-vlan 130 vlan-scope local qos priority:4
configure bridge port 1/1/4/17 vlan-id 99
configure bridge port 1/1/4/17 pvid 99
configure bridge port 1/1/4/18 max-unicast-mac 5
configure bridge port 1/1/4/18 vlan-id 10 tag single-tagged l2fwder-vlan 130 vlan-scope local qos priority:4
configure bridge port 1/1/4/18 vlan-id 99
configure bridge port 1/1/4/18 pvid 99
configure bridge port 1/1/4/19 max-unicast-mac 5
configure bridge port 1/1/4/19 vlan-id 10 tag single-tagged l2fwder-vlan 130 vlan-scope local qos priority:4
configure bridge port 1/1/4/19 vlan-id 99
configure bridge port 1/1/4/19 pvid 99
configure bridge port 1/1/4/20 max-unicast-mac 5
configure bridge port 1/1/4/20 vlan-id 10 tag single-tagged l2fwder-vlan 130 vlan-scope local qos priority:4
configure bridge port 1/1/4/20 vlan-id 99
configure bridge port 1/1/4/20 pvid 99
configure bridge port 1/1/4/21 max-unicast-mac 5
configure bridge port 1/1/4/21 vlan-id 10 tag single-tagged l2fwder-vlan 130 vlan-scope local qos priority:4
configure bridge port 1/1/4/21 vlan-id 99
configure bridge port 1/1/4/21 pvid 99
configure bridge port 1/1/4/22 max-unicast-mac 5
configure bridge port 1/1/4/22 vlan-id 10 tag single-tagged l2fwder-vlan 130 vlan-scope local qos priority:4
configure bridge port 1/1/4/22 vlan-id 99
configure bridge port 1/1/4/22 pvid 99
configure bridge port 1/1/4/23 max-unicast-mac 5
configure bridge port 1/1/4/23 vlan-id 10 tag single-tagged l2fwder-vlan 130 vlan-scope local qos priority:4
configure bridge port 1/1/4/23 vlan-id 99
configure bridge port 1/1/4/23 pvid 99
configure bridge port 1/1/4/24 max-unicast-mac 5
configure bridge port 1/1/4/24 vlan-id 10 tag single-tagged l2fwder-vlan 130 vlan-scope local qos priority:4
configure bridge port 1/1/4/24 vlan-id 99
configure bridge port 1/1/4/24 pvid 99
configure bridge port 1/1/4/25 max-unicast-mac 5
configure bridge port 1/1/4/25 vlan-id 10 tag single-tagged l2fwder-vlan 130 vlan-scope local qos priority:4
configure bridge port 1/1/4/25 vlan-id 99
configure bridge port 1/1/4/25 pvid 99
configure bridge port 1/1/4/26 max-unicast-mac 5
configure bridge port 1/1/4/26 vlan-id 10 tag single-tagged l2fwder-vlan 130 vlan-scope local qos priority:4
configure bridge port 1/1/4/26 vlan-id 99
configure bridge port 1/1/4/26 pvid 99
configure bridge port 1/1/4/27 max-unicast-mac 5
configure bridge port 1/1/4/27 vlan-id 10 tag single-tagged l2fwder-vlan 130 vlan-scope local qos priority:4
configure bridge port 1/1/4/27 vlan-id 99
configure bridge port 1/1/4/27 pvid 99
configure bridge port 1/1/4/28 max-unicast-mac 5
configure bridge port 1/1/4/28 vlan-id 10 tag single-tagged l2fwder-vlan 130 vlan-scope local qos priority:4
configure bridge port 1/1/4/28 vlan-id 99
configure bridge port 1/1/4/28 pvid 99
configure bridge port 1/1/4/29 max-unicast-mac 5
configure bridge port 1/1/4/29 vlan-id 10 tag single-tagged l2fwder-vlan 130 vlan-scope local qos priority:4
configure bridge port 1/1/4/29 vlan-id 99
configure bridge port 1/1/4/29 pvid 99
configure bridge port 1/1/4/30 max-unicast-mac 5
configure bridge port 1/1/4/30 vlan-id 10 tag single-tagged l2fwder-vlan 130 vlan-scope local qos priority:4
configure bridge port 1/1/4/30 vlan-id 99
configure bridge port 1/1/4/30 pvid 99
configure bridge port 1/1/4/31 max-unicast-mac 5
configure bridge port 1/1/4/31 vlan-id 10 tag single-tagged l2fwder-vlan 130 vlan-scope local qos priority:4
configure bridge port 1/1/4/31 vlan-id 99
configure bridge port 1/1/4/31 pvid 99
configure bridge port 1/1/4/32 max-unicast-mac 5
configure bridge port 1/1/4/32 vlan-id 10 tag single-tagged l2fwder-vlan 130 vlan-scope local qos priority:4
configure bridge port 1/1/4/32 vlan-id 99
configure bridge port 1/1/4/32 pvid 99
configure bridge port 1/1/4/33 max-unicast-mac 5
configure bridge port 1/1/4/33 vlan-id 10 tag single-tagged l2fwder-vlan 130 vlan-scope local qos priority:4
configure bridge port 1/1/4/33 vlan-id 99
configure bridge port 1/1/4/33 pvid 99
configure bridge port 1/1/4/34 max-unicast-mac 5
configure bridge port 1/1/4/34 vlan-id 10 tag single-tagged l2fwder-vlan 130 vlan-scope local qos priority:4
configure bridge port 1/1/4/34 vlan-id 99
configure bridge port 1/1/4/34 pvid 99
configure bridge port 1/1/4/35 max-unicast-mac 5
configure bridge port 1/1/4/35 vlan-id 10 tag single-tagged l2fwder-vlan 130 vlan-scope local qos priority:4
configure bridge port 1/1/4/35 vlan-id 99
configure bridge port 1/1/4/35 pvid 99
configure bridge port 1/1/4/36 max-unicast-mac 5
configure bridge port 1/1/4/36 vlan-id 10 tag single-tagged l2fwder-vlan 130 vlan-scope local qos priority:4
configure bridge port 1/1/4/36 vlan-id 99
configure bridge port 1/1/4/36 pvid 99
configure bridge port 1/1/4/37 max-unicast-mac 5
configure bridge port 1/1/4/37 vlan-id 10 tag single-tagged l2fwder-vlan 130 vlan-scope local qos priority:4
configure bridge port 1/1/4/37 vlan-id 99
configure bridge port 1/1/4/37 pvid 99
configure bridge port 1/1/4/38 max-unicast-mac 5
configure bridge port 1/1/4/38 vlan-id 10 tag single-tagged l2fwder-vlan 130 vlan-scope local qos priority:4
configure bridge port 1/1/4/38 vlan-id 99
configure bridge port 1/1/4/38 pvid 99
configure bridge port 1/1/4/39 max-unicast-mac 5
configure bridge port 1/1/4/39 vlan-id 10 tag single-tagged l2fwder-vlan 130 vlan-scope local qos priority:4
configure bridge port 1/1/4/39 vlan-id 99
configure bridge port 1/1/4/39 pvid 99
configure bridge port 1/1/4/40 max-unicast-mac 5
configure bridge port 1/1/4/40 vlan-id 10 tag single-tagged l2fwder-vlan 130 vlan-scope local qos priority:4
configure bridge port 1/1/4/40 vlan-id 99
configure bridge port 1/1/4/40 pvid 99
configure bridge port 1/1/4/41 max-unicast-mac 5
configure bridge port 1/1/4/41 vlan-id 10 tag single-tagged l2fwder-vlan 130 vlan-scope local qos priority:4
configure bridge port 1/1/4/41 vlan-id 99
configure bridge port 1/1/4/41 pvid 99
configure bridge port 1/1/4/42 max-unicast-mac 5
configure bridge port 1/1/4/42 vlan-id 10 tag single-tagged l2fwder-vlan 130 vlan-scope local qos priority:4
configure bridge port 1/1/4/42 vlan-id 99
configure bridge port 1/1/4/42 pvid 99
configure bridge port 1/1/4/43 max-unicast-mac 5
configure bridge port 1/1/4/43 vlan-id 10 tag single-tagged l2fwder-vlan 130 vlan-scope local qos priority:4
configure bridge port 1/1/4/43 vlan-id 99
configure bridge port 1/1/4/43 pvid 99
configure bridge port 1/1/4/44 max-unicast-mac 5
configure bridge port 1/1/4/44 vlan-id 10 tag single-tagged l2fwder-vlan 130 vlan-scope local qos priority:4
configure bridge port 1/1/4/44 vlan-id 99
configure bridge port 1/1/4/44 pvid 99
configure bridge port 1/1/4/45 max-unicast-mac 5
configure bridge port 1/1/4/45 vlan-id 10 tag single-tagged l2fwder-vlan 130 vlan-scope local qos priority:4
configure bridge port 1/1/4/45 vlan-id 99
configure bridge port 1/1/4/45 pvid 99
configure bridge port 1/1/4/46 max-unicast-mac 5
configure bridge port 1/1/4/46 vlan-id 10 tag single-tagged l2fwder-vlan 130 vlan-scope local qos priority:4
configure bridge port 1/1/4/46 vlan-id 99
configure bridge port 1/1/4/46 pvid 99
configure bridge port 1/1/4/47 max-unicast-mac 5
configure bridge port 1/1/4/47 vlan-id 10 tag single-tagged l2fwder-vlan 130 vlan-scope local qos priority:4
configure bridge port 1/1/4/47 vlan-id 99
configure bridge port 1/1/4/47 pvid 99
configure bridge port 1/1/4/48 max-unicast-mac 5
configure bridge port 1/1/4/48 vlan-id 10 tag single-tagged l2fwder-vlan 130 vlan-scope local qos priority:4
configure bridge port 1/1/4/48 vlan-id 99
configure bridge port 1/1/4/48 pvid 99
configure bridge port 1/1/6/1 max-unicast-mac 5
configure bridge port 1/1/6/1 vlan-id 10 tag single-tagged l2fwder-vlan 110 vlan-scope local
configure bridge port 1/1/6/1 vlan-id 20 tag single-tagged l2fwder-vlan 120 vlan-scope local qos priority:5
configure bridge port 1/1/6/1 vlan-id 30 tag single-tagged l2fwder-vlan 130 vlan-scope local qos priority:4
configure bridge port 1/1/6/2 max-unicast-mac 5
configure bridge port 1/1/6/2 vlan-id 10 tag single-tagged l2fwder-vlan 110 vlan-scope local
configure bridge port 1/1/6/2 vlan-id 20 tag single-tagged l2fwder-vlan 120 vlan-scope local qos priority:5
configure bridge port 1/1/6/2 vlan-id 30 tag single-tagged l2fwder-vlan 130 vlan-scope local qos priority:4
configure bridge port 1/1/6/3 max-unicast-mac 5
configure bridge port 1/1/6/3 vlan-id 10 tag single-tagged l2fwder-vlan 110 vlan-scope local
configure bridge port 1/1/6/3 vlan-id 20 tag single-tagged l2fwder-vlan 120 vlan-scope local qos priority:5
configure bridge port 1/1/6/3 vlan-id 30 tag single-tagged l2fwder-vlan 130 vlan-scope local qos priority:4
configure bridge port 1/1/6/4 max-unicast-mac 5
configure bridge port 1/1/6/4 vlan-id 10 tag single-tagged l2fwder-vlan 110 vlan-scope local
configure bridge port 1/1/6/4 vlan-id 20 tag single-tagged l2fwder-vlan 120 vlan-scope local qos priority:5
configure bridge port 1/1/6/4 vlan-id 30 tag single-tagged l2fwder-vlan 130 vlan-scope local qos priority:4
configure bridge port 1/1/6/5 max-unicast-mac 5
configure bridge port 1/1/6/5 vlan-id 10 tag single-tagged l2fwder-vlan 110 vlan-scope local
configure bridge port 1/1/6/5 vlan-id 20 tag single-tagged l2fwder-vlan 120 vlan-scope local qos priority:5
configure bridge port 1/1/6/5 vlan-id 30 tag single-tagged l2fwder-vlan 130 vlan-scope local qos priority:4
configure bridge port 1/1/6/6 max-unicast-mac 5
configure bridge port 1/1/6/6 vlan-id 10 tag single-tagged l2fwder-vlan 110 vlan-scope local
configure bridge port 1/1/6/6 vlan-id 20 tag single-tagged l2fwder-vlan 120 vlan-scope local qos priority:5
configure bridge port 1/1/6/6 vlan-id 30 tag single-tagged l2fwder-vlan 130 vlan-scope local qos priority:4
configure bridge port 1/1/6/7 max-unicast-mac 5
configure bridge port 1/1/6/7 vlan-id 10 tag single-tagged l2fwder-vlan 110 vlan-scope local
configure bridge port 1/1/6/7 vlan-id 20 tag single-tagged l2fwder-vlan 120 vlan-scope local qos priority:5
configure bridge port 1/1/6/7 vlan-id 30 tag single-tagged l2fwder-vlan 130 vlan-scope local qos priority:4
configure bridge port 1/1/6/8 max-unicast-mac 5
configure bridge port 1/1/6/8 vlan-id 10 tag single-tagged l2fwder-vlan 110 vlan-scope local
configure bridge port 1/1/6/8 vlan-id 20 tag single-tagged l2fwder-vlan 120 vlan-scope local qos priority:5
configure bridge port 1/1/6/8 vlan-id 30 tag single-tagged l2fwder-vlan 130 vlan-scope local qos priority:4
configure bridge port 1/1/6/9 max-unicast-mac 5
configure bridge port 1/1/6/9 vlan-id 10 tag single-tagged l2fwder-vlan 110 vlan-scope local
configure bridge port 1/1/6/9 vlan-id 20 tag single-tagged l2fwder-vlan 120 vlan-scope local qos priority:5
configure bridge port 1/1/6/9 vlan-id 30 tag single-tagged l2fwder-vlan 130 vlan-scope local qos priority:4
configure bridge port 1/1/6/10 max-unicast-mac 5
configure bridge port 1/1/6/10 vlan-id 10 tag single-tagged l2fwder-vlan 110 vlan-scope local
configure bridge port 1/1/6/10 vlan-id 20 tag single-tagged l2fwder-vlan 120 vlan-scope local qos priority:5
configure bridge port 1/1/6/10 vlan-id 30 tag single-tagged l2fwder-vlan 130 vlan-scope local qos priority:4
configure bridge port 1/1/6/11 max-unicast-mac 5
configure bridge port 1/1/6/11 vlan-id 10 tag single-tagged l2fwder-vlan 110 vlan-scope local
configure bridge port 1/1/6/11 vlan-id 20 tag single-tagged l2fwder-vlan 120 vlan-scope local qos priority:5
configure bridge port 1/1/6/11 vlan-id 30 tag single-tagged l2fwder-vlan 130 vlan-scope local qos priority:4
configure bridge port 1/1/6/12 max-unicast-mac 5
configure bridge port 1/1/6/12 vlan-id 10 tag single-tagged l2fwder-vlan 110 vlan-scope local
configure bridge port 1/1/6/12 vlan-id 20 tag single-tagged l2fwder-vlan 120 vlan-scope local qos priority:5
configure bridge port 1/1/6/12 vlan-id 30 tag single-tagged l2fwder-vlan 130 vlan-scope local qos priority:4
configure bridge port 1/1/6/13 max-unicast-mac 5
configure bridge port 1/1/6/13 vlan-id 10 tag single-tagged l2fwder-vlan 110 vlan-scope local
configure bridge port 1/1/6/13 vlan-id 20 tag single-tagged l2fwder-vlan 120 vlan-scope local qos priority:5
configure bridge port 1/1/6/13 vlan-id 30 tag single-tagged l2fwder-vlan 130 vlan-scope local qos priority:4
configure bridge port 1/1/6/14 max-unicast-mac 5
configure bridge port 1/1/6/14 vlan-id 10 tag single-tagged l2fwder-vlan 110 vlan-scope local
configure bridge port 1/1/6/14 vlan-id 20 tag single-tagged l2fwder-vlan 120 vlan-scope local qos priority:5
configure bridge port 1/1/6/14 vlan-id 30 tag single-tagged l2fwder-vlan 130 vlan-scope local qos priority:4
configure bridge port 1/1/6/15 max-unicast-mac 5
configure bridge port 1/1/6/15 vlan-id 10 tag single-tagged l2fwder-vlan 110 vlan-scope local
configure bridge port 1/1/6/15 vlan-id 20 tag single-tagged l2fwder-vlan 120 vlan-scope local qos priority:5
configure bridge port 1/1/6/15 vlan-id 30 tag single-tagged l2fwder-vlan 130 vlan-scope local qos priority:4
configure bridge port 1/1/6/16 max-unicast-mac 5
configure bridge port 1/1/6/16 vlan-id 10 tag single-tagged l2fwder-vlan 110 vlan-scope local
configure bridge port 1/1/6/16 vlan-id 20 tag single-tagged l2fwder-vlan 120 vlan-scope local qos priority:5
configure bridge port 1/1/6/16 vlan-id 30 tag single-tagged l2fwder-vlan 130 vlan-scope local qos priority:4
configure bridge port 1/1/6/17 max-unicast-mac 5
configure bridge port 1/1/6/17 vlan-id 10 tag single-tagged l2fwder-vlan 110 vlan-scope local
configure bridge port 1/1/6/17 vlan-id 20 tag single-tagged l2fwder-vlan 120 vlan-scope local qos priority:5
configure bridge port 1/1/6/17 vlan-id 30 tag single-tagged l2fwder-vlan 130 vlan-scope local qos priority:4
configure bridge port 1/1/6/18 max-unicast-mac 5
configure bridge port 1/1/6/18 vlan-id 10 tag single-tagged l2fwder-vlan 110 vlan-scope local
configure bridge port 1/1/6/18 vlan-id 20 tag single-tagged l2fwder-vlan 120 vlan-scope local qos priority:5
configure bridge port 1/1/6/18 vlan-id 30 tag single-tagged l2fwder-vlan 130 vlan-scope local qos priority:4
configure bridge port 1/1/6/19 max-unicast-mac 5
configure bridge port 1/1/6/19 vlan-id 10 tag single-tagged l2fwder-vlan 110 vlan-scope local
configure bridge port 1/1/6/19 vlan-id 20 tag single-tagged l2fwder-vlan 120 vlan-scope local qos priority:5
configure bridge port 1/1/6/19 vlan-id 30 tag single-tagged l2fwder-vlan 130 vlan-scope local qos priority:4
configure bridge port 1/1/6/20 max-unicast-mac 5
configure bridge port 1/1/6/20 vlan-id 10 tag single-tagged l2fwder-vlan 110 vlan-scope local
configure bridge port 1/1/6/20 vlan-id 20 tag single-tagged l2fwder-vlan 120 vlan-scope local qos priority:5
configure bridge port 1/1/6/20 vlan-id 30 tag single-tagged l2fwder-vlan 130 vlan-scope local qos priority:4
configure bridge port 1/1/6/21 max-unicast-mac 5
configure bridge port 1/1/6/21 vlan-id 10 tag single-tagged l2fwder-vlan 110 vlan-scope local
configure bridge port 1/1/6/21 vlan-id 20 tag single-tagged l2fwder-vlan 120 vlan-scope local qos priority:5
configure bridge port 1/1/6/21 vlan-id 30 tag single-tagged l2fwder-vlan 130 vlan-scope local qos priority:4
configure bridge port 1/1/6/22 max-unicast-mac 5
configure bridge port 1/1/6/22 vlan-id 10 tag single-tagged l2fwder-vlan 110 vlan-scope local
configure bridge port 1/1/6/22 vlan-id 20 tag single-tagged l2fwder-vlan 120 vlan-scope local qos priority:5
configure bridge port 1/1/6/22 vlan-id 30 tag single-tagged l2fwder-vlan 130 vlan-scope local qos priority:4
configure bridge port 1/1/6/23 max-unicast-mac 5
configure bridge port 1/1/6/23 vlan-id 10 tag single-tagged l2fwder-vlan 110 vlan-scope local
configure bridge port 1/1/6/23 vlan-id 20 tag single-tagged l2fwder-vlan 120 vlan-scope local qos priority:5
configure bridge port 1/1/6/23 vlan-id 30 tag single-tagged l2fwder-vlan 130 vlan-scope local qos priority:4
configure bridge port 1/1/6/24 max-unicast-mac 5
configure bridge port 1/1/6/24 vlan-id 10 tag single-tagged l2fwder-vlan 110 vlan-scope local
configure bridge port 1/1/6/24 vlan-id 20 tag single-tagged l2fwder-vlan 120 vlan-scope local qos priority:5
configure bridge port 1/1/6/24 vlan-id 30 tag single-tagged l2fwder-vlan 130 vlan-scope local qos priority:4
configure bridge port 1/1/6/25 max-unicast-mac 5
configure bridge port 1/1/6/25 vlan-id 10 tag single-tagged l2fwder-vlan 110 vlan-scope local
configure bridge port 1/1/6/25 vlan-id 20 tag single-tagged l2fwder-vlan 120 vlan-scope local qos priority:5
configure bridge port 1/1/6/25 vlan-id 30 tag single-tagged l2fwder-vlan 130 vlan-scope local qos priority:4
configure bridge port 1/1/6/26 max-unicast-mac 5
configure bridge port 1/1/6/26 vlan-id 10 tag single-tagged l2fwder-vlan 110 vlan-scope local
configure bridge port 1/1/6/26 vlan-id 20 tag single-tagged l2fwder-vlan 120 vlan-scope local qos priority:5
configure bridge port 1/1/6/26 vlan-id 30 tag single-tagged l2fwder-vlan 130 vlan-scope local qos priority:4
configure bridge port 1/1/6/27 max-unicast-mac 5
configure bridge port 1/1/6/27 vlan-id 10 tag single-tagged l2fwder-vlan 110 vlan-scope local
configure bridge port 1/1/6/27 vlan-id 20 tag single-tagged l2fwder-vlan 120 vlan-scope local qos priority:5
configure bridge port 1/1/6/27 vlan-id 30 tag single-tagged l2fwder-vlan 130 vlan-scope local qos priority:4
configure bridge port 1/1/6/28 max-unicast-mac 5
configure bridge port 1/1/6/28 vlan-id 10 tag single-tagged l2fwder-vlan 110 vlan-scope local
configure bridge port 1/1/6/28 vlan-id 20 tag single-tagged l2fwder-vlan 120 vlan-scope local qos priority:5
configure bridge port 1/1/6/28 vlan-id 30 tag single-tagged l2fwder-vlan 130 vlan-scope local qos priority:4
configure bridge port 1/1/6/29 max-unicast-mac 5
configure bridge port 1/1/6/29 vlan-id 10 tag single-tagged l2fwder-vlan 110 vlan-scope local
configure bridge port 1/1/6/29 vlan-id 20 tag single-tagged l2fwder-vlan 120 vlan-scope local qos priority:5
configure bridge port 1/1/6/29 vlan-id 30 tag single-tagged l2fwder-vlan 130 vlan-scope local qos priority:4
configure bridge port 1/1/6/30 max-unicast-mac 5
configure bridge port 1/1/6/30 vlan-id 10 tag single-tagged l2fwder-vlan 110 vlan-scope local
configure bridge port 1/1/6/30 vlan-id 20 tag single-tagged l2fwder-vlan 120 vlan-scope local qos priority:5
configure bridge port 1/1/6/30 vlan-id 30 tag single-tagged l2fwder-vlan 130 vlan-scope local qos priority:4
configure bridge port 1/1/6/31 max-unicast-mac 5
configure bridge port 1/1/6/31 vlan-id 10 tag single-tagged l2fwder-vlan 110 vlan-scope local
configure bridge port 1/1/6/31 vlan-id 20 tag single-tagged l2fwder-vlan 120 vlan-scope local qos priority:5
configure bridge port 1/1/6/31 vlan-id 30 tag single-tagged l2fwder-vlan 130 vlan-scope local qos priority:4
configure bridge port 1/1/6/32 max-unicast-mac 5
configure bridge port 1/1/6/32 vlan-id 10 tag single-tagged l2fwder-vlan 110 vlan-scope local
configure bridge port 1/1/6/32 vlan-id 20 tag single-tagged l2fwder-vlan 120 vlan-scope local qos priority:5
configure bridge port 1/1/6/32 vlan-id 30 tag single-tagged l2fwder-vlan 130 vlan-scope local qos priority:4
configure bridge port 1/1/6/33 max-unicast-mac 5
configure bridge port 1/1/6/33 vlan-id 10 tag single-tagged l2fwder-vlan 110 vlan-scope local
configure bridge port 1/1/6/33 vlan-id 20 tag single-tagged l2fwder-vlan 120 vlan-scope local qos priority:5
configure bridge port 1/1/6/33 vlan-id 30 tag single-tagged l2fwder-vlan 130 vlan-scope local qos priority:4
configure bridge port 1/1/6/34 max-unicast-mac 5
configure bridge port 1/1/6/34 vlan-id 10 tag single-tagged l2fwder-vlan 110 vlan-scope local
configure bridge port 1/1/6/34 vlan-id 20 tag single-tagged l2fwder-vlan 120 vlan-scope local qos priority:5
configure bridge port 1/1/6/34 vlan-id 30 tag single-tagged l2fwder-vlan 130 vlan-scope local qos priority:4
configure bridge port 1/1/6/35 max-unicast-mac 5
configure bridge port 1/1/6/35 vlan-id 10 tag single-tagged l2fwder-vlan 110 vlan-scope local
configure bridge port 1/1/6/35 vlan-id 20 tag single-tagged l2fwder-vlan 120 vlan-scope local qos priority:5
configure bridge port 1/1/6/35 vlan-id 30 tag single-tagged l2fwder-vlan 130 vlan-scope local qos priority:4
configure bridge port 1/1/6/36 max-unicast-mac 5
configure bridge port 1/1/6/36 vlan-id 10 tag single-tagged l2fwder-vlan 110 vlan-scope local
configure bridge port 1/1/6/36 vlan-id 20 tag single-tagged l2fwder-vlan 120 vlan-scope local qos priority:5
configure bridge port 1/1/6/36 vlan-id 30 tag single-tagged l2fwder-vlan 130 vlan-scope local qos priority:4
configure bridge port 1/1/6/37 max-unicast-mac 5
configure bridge port 1/1/6/37 vlan-id 10 tag single-tagged l2fwder-vlan 110 vlan-scope local
configure bridge port 1/1/6/37 vlan-id 20 tag single-tagged l2fwder-vlan 120 vlan-scope local qos priority:5
configure bridge port 1/1/6/37 vlan-id 30 tag single-tagged l2fwder-vlan 130 vlan-scope local qos priority:4
configure bridge port 1/1/6/38 max-unicast-mac 5
configure bridge port 1/1/6/38 vlan-id 10 tag single-tagged l2fwder-vlan 110 vlan-scope local
configure bridge port 1/1/6/38 vlan-id 20 tag single-tagged l2fwder-vlan 120 vlan-scope local qos priority:5
configure bridge port 1/1/6/38 vlan-id 30 tag single-tagged l2fwder-vlan 130 vlan-scope local qos priority:4
configure bridge port 1/1/6/39 max-unicast-mac 5
configure bridge port 1/1/6/39 vlan-id 10 tag single-tagged l2fwder-vlan 110 vlan-scope local
configure bridge port 1/1/6/39 vlan-id 20 tag single-tagged l2fwder-vlan 120 vlan-scope local qos priority:5
configure bridge port 1/1/6/39 vlan-id 30 tag single-tagged l2fwder-vlan 130 vlan-scope local qos priority:4
configure bridge port 1/1/6/40 max-unicast-mac 5
configure bridge port 1/1/6/40 vlan-id 10 tag single-tagged l2fwder-vlan 110 vlan-scope local
configure bridge port 1/1/6/40 vlan-id 20 tag single-tagged l2fwder-vlan 120 vlan-scope local qos priority:5
configure bridge port 1/1/6/40 vlan-id 30 tag single-tagged l2fwder-vlan 130 vlan-scope local qos priority:4
configure bridge port 1/1/6/41 max-unicast-mac 5
configure bridge port 1/1/6/41 vlan-id 10 tag single-tagged l2fwder-vlan 110 vlan-scope local
configure bridge port 1/1/6/41 vlan-id 20 tag single-tagged l2fwder-vlan 120 vlan-scope local qos priority:5
configure bridge port 1/1/6/41 vlan-id 30 tag single-tagged l2fwder-vlan 130 vlan-scope local qos priority:4
configure bridge port 1/1/6/42 max-unicast-mac 5
configure bridge port 1/1/6/42 vlan-id 10 tag single-tagged l2fwder-vlan 110 vlan-scope local
configure bridge port 1/1/6/42 vlan-id 20 tag single-tagged l2fwder-vlan 120 vlan-scope local qos priority:5
configure bridge port 1/1/6/42 vlan-id 30 tag single-tagged l2fwder-vlan 130 vlan-scope local qos priority:4
configure bridge port 1/1/6/43 max-unicast-mac 5
configure bridge port 1/1/6/43 vlan-id 10 tag single-tagged l2fwder-vlan 110 vlan-scope local
configure bridge port 1/1/6/43 vlan-id 20 tag single-tagged l2fwder-vlan 120 vlan-scope local qos priority:5
configure bridge port 1/1/6/43 vlan-id 30 tag single-tagged l2fwder-vlan 130 vlan-scope local qos priority:4
configure bridge port 1/1/6/44 max-unicast-mac 5
configure bridge port 1/1/6/44 vlan-id 10 tag single-tagged l2fwder-vlan 110 vlan-scope local
configure bridge port 1/1/6/44 vlan-id 20 tag single-tagged l2fwder-vlan 120 vlan-scope local qos priority:5
configure bridge port 1/1/6/44 vlan-id 30 tag single-tagged l2fwder-vlan 130 vlan-scope local qos priority:4
configure bridge port 1/1/6/45 max-unicast-mac 5
configure bridge port 1/1/6/45 vlan-id 10 tag single-tagged l2fwder-vlan 110 vlan-scope local
configure bridge port 1/1/6/45 vlan-id 20 tag single-tagged l2fwder-vlan 120 vlan-scope local qos priority:5
configure bridge port 1/1/6/45 vlan-id 30 tag single-tagged l2fwder-vlan 130 vlan-scope local qos priority:4
configure bridge port 1/1/6/46 max-unicast-mac 5
configure bridge port 1/1/6/46 vlan-id 10 tag single-tagged l2fwder-vlan 110 vlan-scope local
configure bridge port 1/1/6/46 vlan-id 20 tag single-tagged l2fwder-vlan 120 vlan-scope local qos priority:5
configure bridge port 1/1/6/46 vlan-id 30 tag single-tagged l2fwder-vlan 130 vlan-scope local qos priority:4
configure bridge port 1/1/6/47 max-unicast-mac 5
configure bridge port 1/1/6/47 vlan-id 10 tag single-tagged l2fwder-vlan 110 vlan-scope local
configure bridge port 1/1/6/47 vlan-id 20 tag single-tagged l2fwder-vlan 120 vlan-scope local qos priority:5
configure bridge port 1/1/6/47 vlan-id 30 tag single-tagged l2fwder-vlan 130 vlan-scope local qos priority:4
configure bridge port 1/1/6/48 max-unicast-mac 5
configure bridge port 1/1/6/48 vlan-id 10 tag single-tagged l2fwder-vlan 110 vlan-scope local
configure bridge port 1/1/6/48 vlan-id 20 tag single-tagged l2fwder-vlan 120 vlan-scope local qos priority:5
configure bridge port 1/1/6/48 vlan-id 30 tag single-tagged l2fwder-vlan 130 vlan-scope local qos priority:4
configure bridge port 1/1/7/1 max-unicast-mac 5
configure bridge port 1/1/7/1 vlan-id 10 tag single-tagged l2fwder-vlan 110 vlan-scope local
configure bridge port 1/1/7/1 vlan-id 20 tag single-tagged l2fwder-vlan 120 vlan-scope local qos priority:5
configure bridge port 1/1/7/1 vlan-id 30 tag single-tagged l2fwder-vlan 130 vlan-scope local qos priority:4
configure bridge port 1/1/7/1 vlan-id 99
configure bridge port 1/1/7/1 pvid 99
configure bridge port 1/1/7/2 max-unicast-mac 5
configure bridge port 1/1/7/2 vlan-id 10 tag single-tagged l2fwder-vlan 110 vlan-scope local
configure bridge port 1/1/7/2 vlan-id 20 tag single-tagged l2fwder-vlan 120 vlan-scope local qos priority:5
configure bridge port 1/1/7/2 vlan-id 30 tag single-tagged l2fwder-vlan 130 vlan-scope local qos priority:4
configure bridge port 1/1/7/2 vlan-id 99
configure bridge port 1/1/7/2 pvid 99
configure bridge port 1/1/7/3 max-unicast-mac 5
configure bridge port 1/1/7/3 vlan-id 10 tag single-tagged l2fwder-vlan 110 vlan-scope local
configure bridge port 1/1/7/3 vlan-id 20 tag single-tagged l2fwder-vlan 120 vlan-scope local qos priority:5
configure bridge port 1/1/7/3 vlan-id 30 tag single-tagged l2fwder-vlan 130 vlan-scope local qos priority:4
configure bridge port 1/1/7/3 vlan-id 99
configure bridge port 1/1/7/3 pvid 99
configure bridge port 1/1/7/4 max-unicast-mac 5
configure bridge port 1/1/7/4 vlan-id 10 tag single-tagged l2fwder-vlan 110 vlan-scope local
configure bridge port 1/1/7/4 vlan-id 20 tag single-tagged l2fwder-vlan 120 vlan-scope local qos priority:5
configure bridge port 1/1/7/4 vlan-id 30 tag single-tagged l2fwder-vlan 130 vlan-scope local qos priority:4
configure bridge port 1/1/7/4 vlan-id 99
configure bridge port 1/1/7/4 pvid 99
configure bridge port 1/1/7/5 max-unicast-mac 5
configure bridge port 1/1/7/5 vlan-id 10 tag single-tagged l2fwder-vlan 110 vlan-scope local
configure bridge port 1/1/7/5 vlan-id 20 tag single-tagged l2fwder-vlan 120 vlan-scope local qos priority:5
configure bridge port 1/1/7/5 vlan-id 30 tag single-tagged l2fwder-vlan 130 vlan-scope local qos priority:4
configure bridge port 1/1/7/5 vlan-id 99
configure bridge port 1/1/7/5 pvid 99
configure bridge port 1/1/7/6 max-unicast-mac 5
configure bridge port 1/1/7/6 vlan-id 10 tag single-tagged l2fwder-vlan 110 vlan-scope local
configure bridge port 1/1/7/6 vlan-id 20 tag single-tagged l2fwder-vlan 120 vlan-scope local qos priority:5
configure bridge port 1/1/7/6 vlan-id 30 tag single-tagged l2fwder-vlan 130 vlan-scope local qos priority:4
configure bridge port 1/1/7/6 vlan-id 99
configure bridge port 1/1/7/6 pvid 99
configure bridge port 1/1/7/7 max-unicast-mac 5
configure bridge port 1/1/7/7 vlan-id 10 tag single-tagged l2fwder-vlan 110 vlan-scope local
configure bridge port 1/1/7/7 vlan-id 20 tag single-tagged l2fwder-vlan 120 vlan-scope local qos priority:5
configure bridge port 1/1/7/7 vlan-id 30 tag single-tagged l2fwder-vlan 130 vlan-scope local qos priority:4
configure bridge port 1/1/7/7 vlan-id 99
configure bridge port 1/1/7/7 pvid 99
configure bridge port 1/1/7/8 max-unicast-mac 5
configure bridge port 1/1/7/8 vlan-id 10 tag single-tagged l2fwder-vlan 110 vlan-scope local
configure bridge port 1/1/7/8 vlan-id 20 tag single-tagged l2fwder-vlan 120 vlan-scope local qos priority:5
configure bridge port 1/1/7/8 vlan-id 30 tag single-tagged l2fwder-vlan 130 vlan-scope local qos priority:4
configure bridge port 1/1/7/8 vlan-id 99
configure bridge port 1/1/7/8 pvid 99
configure bridge port 1/1/7/9 max-unicast-mac 5
configure bridge port 1/1/7/9 vlan-id 10 tag single-tagged l2fwder-vlan 110 vlan-scope local
configure bridge port 1/1/7/9 vlan-id 20 tag single-tagged l2fwder-vlan 120 vlan-scope local qos priority:5
configure bridge port 1/1/7/9 vlan-id 30 tag single-tagged l2fwder-vlan 130 vlan-scope local qos priority:4
configure bridge port 1/1/7/9 vlan-id 99
configure bridge port 1/1/7/9 pvid 99
configure bridge port 1/1/7/10 max-unicast-mac 5
configure bridge port 1/1/7/10 vlan-id 10 tag single-tagged l2fwder-vlan 110 vlan-scope local
configure bridge port 1/1/7/10 vlan-id 20 tag single-tagged l2fwder-vlan 120 vlan-scope local qos priority:5
configure bridge port 1/1/7/10 vlan-id 30 tag single-tagged l2fwder-vlan 130 vlan-scope local qos priority:4
configure bridge port 1/1/7/10 vlan-id 99
configure bridge port 1/1/7/10 pvid 99
configure bridge port 1/1/7/11 max-unicast-mac 5
configure bridge port 1/1/7/11 vlan-id 10 tag single-tagged l2fwder-vlan 110 vlan-scope local
configure bridge port 1/1/7/11 vlan-id 20 tag single-tagged l2fwder-vlan 120 vlan-scope local qos priority:5
configure bridge port 1/1/7/11 vlan-id 30 tag single-tagged l2fwder-vlan 130 vlan-scope local qos priority:4
configure bridge port 1/1/7/11 vlan-id 99
configure bridge port 1/1/7/11 pvid 99
configure bridge port 1/1/7/12 max-unicast-mac 5
configure bridge port 1/1/7/12 vlan-id 10 tag single-tagged l2fwder-vlan 110 vlan-scope local
configure bridge port 1/1/7/12 vlan-id 20 tag single-tagged l2fwder-vlan 120 vlan-scope local qos priority:5
configure bridge port 1/1/7/12 vlan-id 30 tag single-tagged l2fwder-vlan 130 vlan-scope local qos priority:4
configure bridge port 1/1/7/12 vlan-id 99
configure bridge port 1/1/7/12 pvid 99
configure bridge port 1/1/7/13 max-unicast-mac 5
configure bridge port 1/1/7/13 vlan-id 10 tag single-tagged l2fwder-vlan 110 vlan-scope local
configure bridge port 1/1/7/13 vlan-id 20 tag single-tagged l2fwder-vlan 120 vlan-scope local qos priority:5
configure bridge port 1/1/7/13 vlan-id 30 tag single-tagged l2fwder-vlan 130 vlan-scope local qos priority:4
configure bridge port 1/1/7/13 vlan-id 99
configure bridge port 1/1/7/13 pvid 99
configure bridge port 1/1/7/14 max-unicast-mac 5
configure bridge port 1/1/7/14 vlan-id 10 tag single-tagged l2fwder-vlan 110 vlan-scope local
configure bridge port 1/1/7/14 vlan-id 20 tag single-tagged l2fwder-vlan 120 vlan-scope local qos priority:5
configure bridge port 1/1/7/14 vlan-id 30 tag single-tagged l2fwder-vlan 130 vlan-scope local qos priority:4
configure bridge port 1/1/7/14 vlan-id 99
configure bridge port 1/1/7/14 pvid 99
configure bridge port 1/1/7/15 max-unicast-mac 5
configure bridge port 1/1/7/15 vlan-id 10 tag single-tagged l2fwder-vlan 110 vlan-scope local
configure bridge port 1/1/7/15 vlan-id 20 tag single-tagged l2fwder-vlan 120 vlan-scope local qos priority:5
configure bridge port 1/1/7/15 vlan-id 30 tag single-tagged l2fwder-vlan 130 vlan-scope local qos priority:4
configure bridge port 1/1/7/15 vlan-id 99
configure bridge port 1/1/7/15 pvid 99
configure bridge port 1/1/7/16 max-unicast-mac 5
configure bridge port 1/1/7/16 vlan-id 10 tag single-tagged l2fwder-vlan 110 vlan-scope local
configure bridge port 1/1/7/16 vlan-id 20 tag single-tagged l2fwder-vlan 120 vlan-scope local qos priority:5
configure bridge port 1/1/7/16 vlan-id 30 tag single-tagged l2fwder-vlan 130 vlan-scope local qos priority:4
configure bridge port 1/1/7/16 vlan-id 99
configure bridge port 1/1/7/16 pvid 99
configure bridge port 1/1/7/17 max-unicast-mac 5
configure bridge port 1/1/7/17 vlan-id 10 tag single-tagged l2fwder-vlan 110 vlan-scope local
configure bridge port 1/1/7/17 vlan-id 20 tag single-tagged l2fwder-vlan 120 vlan-scope local qos priority:5
configure bridge port 1/1/7/17 vlan-id 30 tag single-tagged l2fwder-vlan 130 vlan-scope local qos priority:4
configure bridge port 1/1/7/17 vlan-id 99
configure bridge port 1/1/7/17 pvid 99
configure bridge port 1/1/7/18 max-unicast-mac 5
configure bridge port 1/1/7/18 vlan-id 10 tag single-tagged l2fwder-vlan 110 vlan-scope local
configure bridge port 1/1/7/18 vlan-id 20 tag single-tagged l2fwder-vlan 120 vlan-scope local qos priority:5
configure bridge port 1/1/7/18 vlan-id 30 tag single-tagged l2fwder-vlan 130 vlan-scope local qos priority:4
configure bridge port 1/1/7/18 vlan-id 99
configure bridge port 1/1/7/18 pvid 99
configure bridge port 1/1/7/19 max-unicast-mac 5
configure bridge port 1/1/7/19 vlan-id 10 tag single-tagged l2fwder-vlan 110 vlan-scope local
configure bridge port 1/1/7/19 vlan-id 20 tag single-tagged l2fwder-vlan 120 vlan-scope local qos priority:5
configure bridge port 1/1/7/19 vlan-id 30 tag single-tagged l2fwder-vlan 130 vlan-scope local qos priority:4
configure bridge port 1/1/7/19 vlan-id 99
configure bridge port 1/1/7/19 pvid 99
configure bridge port 1/1/7/20 max-unicast-mac 5
configure bridge port 1/1/7/20 vlan-id 10 tag single-tagged l2fwder-vlan 110 vlan-scope local
configure bridge port 1/1/7/20 vlan-id 20 tag single-tagged l2fwder-vlan 120 vlan-scope local qos priority:5
configure bridge port 1/1/7/20 vlan-id 30 tag single-tagged l2fwder-vlan 130 vlan-scope local qos priority:4
configure bridge port 1/1/7/20 vlan-id 99
configure bridge port 1/1/7/20 pvid 99
configure bridge port 1/1/7/21 max-unicast-mac 5
configure bridge port 1/1/7/21 vlan-id 10 tag single-tagged l2fwder-vlan 110 vlan-scope local
configure bridge port 1/1/7/21 vlan-id 20 tag single-tagged l2fwder-vlan 120 vlan-scope local qos priority:5
configure bridge port 1/1/7/21 vlan-id 30 tag single-tagged l2fwder-vlan 130 vlan-scope local qos priority:4
configure bridge port 1/1/7/21 vlan-id 99
configure bridge port 1/1/7/21 pvid 99
configure bridge port 1/1/7/22 max-unicast-mac 5
configure bridge port 1/1/7/22 vlan-id 10 tag single-tagged l2fwder-vlan 110 vlan-scope local
configure bridge port 1/1/7/22 vlan-id 20 tag single-tagged l2fwder-vlan 120 vlan-scope local qos priority:5
configure bridge port 1/1/7/22 vlan-id 30 tag single-tagged l2fwder-vlan 130 vlan-scope local qos priority:4
configure bridge port 1/1/7/22 vlan-id 99
configure bridge port 1/1/7/22 pvid 99
configure bridge port 1/1/7/23 max-unicast-mac 5
configure bridge port 1/1/7/23 vlan-id 10 tag single-tagged l2fwder-vlan 110 vlan-scope local
configure bridge port 1/1/7/23 vlan-id 20 tag single-tagged l2fwder-vlan 120 vlan-scope local qos priority:5
configure bridge port 1/1/7/23 vlan-id 30 tag single-tagged l2fwder-vlan 130 vlan-scope local qos priority:4
configure bridge port 1/1/7/23 vlan-id 99
configure bridge port 1/1/7/23 pvid 99
configure bridge port 1/1/7/24 max-unicast-mac 5
configure bridge port 1/1/7/24 vlan-id 10 tag single-tagged l2fwder-vlan 110 vlan-scope local
configure bridge port 1/1/7/24 vlan-id 20 tag single-tagged l2fwder-vlan 120 vlan-scope local qos priority:5
configure bridge port 1/1/7/24 vlan-id 30 tag single-tagged l2fwder-vlan 130 vlan-scope local qos priority:4
configure bridge port 1/1/7/24 vlan-id 99
configure bridge port 1/1/7/24 pvid 99
configure bridge port 1/1/7/25 max-unicast-mac 5
configure bridge port 1/1/7/25 vlan-id 10 tag single-tagged l2fwder-vlan 110 vlan-scope local
configure bridge port 1/1/7/25 vlan-id 20 tag single-tagged l2fwder-vlan 120 vlan-scope local qos priority:5
configure bridge port 1/1/7/25 vlan-id 30 tag single-tagged l2fwder-vlan 130 vlan-scope local qos priority:4
configure bridge port 1/1/7/25 vlan-id 99
configure bridge port 1/1/7/25 pvid 99
configure bridge port 1/1/7/26 max-unicast-mac 5
configure bridge port 1/1/7/26 vlan-id 10 tag single-tagged l2fwder-vlan 110 vlan-scope local
configure bridge port 1/1/7/26 vlan-id 20 tag single-tagged l2fwder-vlan 120 vlan-scope local qos priority:5
configure bridge port 1/1/7/26 vlan-id 30 tag single-tagged l2fwder-vlan 130 vlan-scope local qos priority:4
configure bridge port 1/1/7/26 vlan-id 99
configure bridge port 1/1/7/26 pvid 99
configure bridge port 1/1/7/27 max-unicast-mac 5
configure bridge port 1/1/7/27 vlan-id 10 tag single-tagged l2fwder-vlan 110 vlan-scope local
configure bridge port 1/1/7/27 vlan-id 20 tag single-tagged l2fwder-vlan 120 vlan-scope local qos priority:5
configure bridge port 1/1/7/27 vlan-id 30 tag single-tagged l2fwder-vlan 130 vlan-scope local qos priority:4
configure bridge port 1/1/7/27 vlan-id 99
configure bridge port 1/1/7/27 pvid 99
configure bridge port 1/1/7/28 max-unicast-mac 5
configure bridge port 1/1/7/28 vlan-id 10 tag single-tagged l2fwder-vlan 110 vlan-scope local
configure bridge port 1/1/7/28 vlan-id 20 tag single-tagged l2fwder-vlan 120 vlan-scope local qos priority:5
configure bridge port 1/1/7/28 vlan-id 30 tag single-tagged l2fwder-vlan 130 vlan-scope local qos priority:4
configure bridge port 1/1/7/28 vlan-id 99
configure bridge port 1/1/7/28 pvid 99
configure bridge port 1/1/7/29 max-unicast-mac 5
configure bridge port 1/1/7/29 vlan-id 10 tag single-tagged l2fwder-vlan 110 vlan-scope local
configure bridge port 1/1/7/29 vlan-id 20 tag single-tagged l2fwder-vlan 120 vlan-scope local qos priority:5
configure bridge port 1/1/7/29 vlan-id 30 tag single-tagged l2fwder-vlan 130 vlan-scope local qos priority:4
configure bridge port 1/1/7/29 vlan-id 99
configure bridge port 1/1/7/29 pvid 99
configure bridge port 1/1/7/30 max-unicast-mac 5
configure bridge port 1/1/7/30 vlan-id 10 tag single-tagged l2fwder-vlan 110 vlan-scope local
configure bridge port 1/1/7/30 vlan-id 20 tag single-tagged l2fwder-vlan 120 vlan-scope local qos priority:5
configure bridge port 1/1/7/30 vlan-id 30 tag single-tagged l2fwder-vlan 130 vlan-scope local qos priority:4
configure bridge port 1/1/7/30 vlan-id 99
configure bridge port 1/1/7/30 pvid 99
configure bridge port 1/1/7/31 max-unicast-mac 5
configure bridge port 1/1/7/31 vlan-id 10 tag single-tagged l2fwder-vlan 110 vlan-scope local
configure bridge port 1/1/7/31 vlan-id 20 tag single-tagged l2fwder-vlan 120 vlan-scope local qos priority:5
configure bridge port 1/1/7/31 vlan-id 30 tag single-tagged l2fwder-vlan 130 vlan-scope local qos priority:4
configure bridge port 1/1/7/31 vlan-id 99
configure bridge port 1/1/7/31 pvid 99
configure bridge port 1/1/7/32 max-unicast-mac 5
configure bridge port 1/1/7/32 vlan-id 10 tag single-tagged l2fwder-vlan 110 vlan-scope local
configure bridge port 1/1/7/32 vlan-id 20 tag single-tagged l2fwder-vlan 120 vlan-scope local qos priority:5
configure bridge port 1/1/7/32 vlan-id 30 tag single-tagged l2fwder-vlan 130 vlan-scope local qos priority:4
configure bridge port 1/1/7/32 vlan-id 99
configure bridge port 1/1/7/32 pvid 99
configure bridge port 1/1/7/33 max-unicast-mac 5
configure bridge port 1/1/7/33 vlan-id 10 tag single-tagged l2fwder-vlan 110 vlan-scope local
configure bridge port 1/1/7/33 vlan-id 20 tag single-tagged l2fwder-vlan 120 vlan-scope local qos priority:5
configure bridge port 1/1/7/33 vlan-id 30 tag single-tagged l2fwder-vlan 130 vlan-scope local qos priority:4
configure bridge port 1/1/7/33 vlan-id 99
configure bridge port 1/1/7/33 pvid 99
configure bridge port 1/1/7/34 max-unicast-mac 5
configure bridge port 1/1/7/34 vlan-id 10 tag single-tagged l2fwder-vlan 110 vlan-scope local
configure bridge port 1/1/7/34 vlan-id 20 tag single-tagged l2fwder-vlan 120 vlan-scope local qos priority:5
configure bridge port 1/1/7/34 vlan-id 30 tag single-tagged l2fwder-vlan 130 vlan-scope local qos priority:4
configure bridge port 1/1/7/34 vlan-id 99
configure bridge port 1/1/7/34 pvid 99
configure bridge port 1/1/7/35 max-unicast-mac 5
configure bridge port 1/1/7/35 vlan-id 10 tag single-tagged l2fwder-vlan 110 vlan-scope local
configure bridge port 1/1/7/35 vlan-id 20 tag single-tagged l2fwder-vlan 120 vlan-scope local qos priority:5
configure bridge port 1/1/7/35 vlan-id 30 tag single-tagged l2fwder-vlan 130 vlan-scope local qos priority:4
configure bridge port 1/1/7/35 vlan-id 99
configure bridge port 1/1/7/35 pvid 99
configure bridge port 1/1/7/36 max-unicast-mac 5
configure bridge port 1/1/7/36 vlan-id 10 tag single-tagged l2fwder-vlan 110 vlan-scope local
configure bridge port 1/1/7/36 vlan-id 20 tag single-tagged l2fwder-vlan 120 vlan-scope local qos priority:5
configure bridge port 1/1/7/36 vlan-id 30 tag single-tagged l2fwder-vlan 130 vlan-scope local qos priority:4
configure bridge port 1/1/7/36 vlan-id 99
configure bridge port 1/1/7/36 pvid 99
configure bridge port 1/1/7/37 max-unicast-mac 5
configure bridge port 1/1/7/37 vlan-id 10 tag single-tagged l2fwder-vlan 110 vlan-scope local
configure bridge port 1/1/7/37 vlan-id 20 tag single-tagged l2fwder-vlan 120 vlan-scope local qos priority:5
configure bridge port 1/1/7/37 vlan-id 30 tag single-tagged l2fwder-vlan 130 vlan-scope local qos priority:4
configure bridge port 1/1/7/37 vlan-id 99
configure bridge port 1/1/7/37 pvid 99
configure bridge port 1/1/7/38 max-unicast-mac 5
configure bridge port 1/1/7/38 vlan-id 10 tag single-tagged l2fwder-vlan 110 vlan-scope local
configure bridge port 1/1/7/38 vlan-id 20 tag single-tagged l2fwder-vlan 120 vlan-scope local qos priority:5
configure bridge port 1/1/7/38 vlan-id 30 tag single-tagged l2fwder-vlan 130 vlan-scope local qos priority:4
configure bridge port 1/1/7/38 vlan-id 99
configure bridge port 1/1/7/38 pvid 99
configure bridge port 1/1/7/39 max-unicast-mac 5
configure bridge port 1/1/7/39 vlan-id 10 tag single-tagged l2fwder-vlan 110 vlan-scope local
configure bridge port 1/1/7/39 vlan-id 20 tag single-tagged l2fwder-vlan 120 vlan-scope local qos priority:5
configure bridge port 1/1/7/39 vlan-id 30 tag single-tagged l2fwder-vlan 130 vlan-scope local qos priority:4
configure bridge port 1/1/7/39 vlan-id 99
configure bridge port 1/1/7/39 pvid 99
configure bridge port 1/1/7/40 max-unicast-mac 5
configure bridge port 1/1/7/40 vlan-id 10 tag single-tagged l2fwder-vlan 110 vlan-scope local
configure bridge port 1/1/7/40 vlan-id 20 tag single-tagged l2fwder-vlan 120 vlan-scope local qos priority:5
configure bridge port 1/1/7/40 vlan-id 30 tag single-tagged l2fwder-vlan 130 vlan-scope local qos priority:4
configure bridge port 1/1/7/40 vlan-id 99
configure bridge port 1/1/7/40 pvid 99
configure bridge port 1/1/7/41 max-unicast-mac 5
configure bridge port 1/1/7/41 vlan-id 10 tag single-tagged l2fwder-vlan 110 vlan-scope local
configure bridge port 1/1/7/41 vlan-id 20 tag single-tagged l2fwder-vlan 120 vlan-scope local qos priority:5
configure bridge port 1/1/7/41 vlan-id 30 tag single-tagged l2fwder-vlan 130 vlan-scope local qos priority:4
configure bridge port 1/1/7/41 vlan-id 99
configure bridge port 1/1/7/41 pvid 99
configure bridge port 1/1/7/42 max-unicast-mac 5
configure bridge port 1/1/7/42 vlan-id 10 tag single-tagged l2fwder-vlan 110 vlan-scope local
configure bridge port 1/1/7/42 vlan-id 20 tag single-tagged l2fwder-vlan 120 vlan-scope local qos priority:5
configure bridge port 1/1/7/42 vlan-id 30 tag single-tagged l2fwder-vlan 130 vlan-scope local qos priority:4
configure bridge port 1/1/7/42 vlan-id 99
configure bridge port 1/1/7/42 pvid 99
configure bridge port 1/1/7/43 max-unicast-mac 5
configure bridge port 1/1/7/43 vlan-id 10 tag single-tagged l2fwder-vlan 110 vlan-scope local
configure bridge port 1/1/7/43 vlan-id 20 tag single-tagged l2fwder-vlan 120 vlan-scope local qos priority:5
configure bridge port 1/1/7/43 vlan-id 30 tag single-tagged l2fwder-vlan 130 vlan-scope local qos priority:4
configure bridge port 1/1/7/43 vlan-id 99
configure bridge port 1/1/7/43 pvid 99
configure bridge port 1/1/7/44 max-unicast-mac 5
configure bridge port 1/1/7/44 vlan-id 10 tag single-tagged l2fwder-vlan 110 vlan-scope local
configure bridge port 1/1/7/44 vlan-id 20 tag single-tagged l2fwder-vlan 120 vlan-scope local qos priority:5
configure bridge port 1/1/7/44 vlan-id 30 tag single-tagged l2fwder-vlan 130 vlan-scope local qos priority:4
configure bridge port 1/1/7/44 vlan-id 99
configure bridge port 1/1/7/44 pvid 99
configure bridge port 1/1/7/45 max-unicast-mac 5
configure bridge port 1/1/7/45 vlan-id 10 tag single-tagged l2fwder-vlan 110 vlan-scope local
configure bridge port 1/1/7/45 vlan-id 20 tag single-tagged l2fwder-vlan 120 vlan-scope local qos priority:5
configure bridge port 1/1/7/45 vlan-id 30 tag single-tagged l2fwder-vlan 130 vlan-scope local qos priority:4
configure bridge port 1/1/7/45 vlan-id 99
configure bridge port 1/1/7/45 pvid 99
configure bridge port 1/1/7/46 max-unicast-mac 5
configure bridge port 1/1/7/46 vlan-id 10 tag single-tagged l2fwder-vlan 110 vlan-scope local
configure bridge port 1/1/7/46 vlan-id 20 tag single-tagged l2fwder-vlan 120 vlan-scope local qos priority:5
configure bridge port 1/1/7/46 vlan-id 30 tag single-tagged l2fwder-vlan 130 vlan-scope local qos priority:4
configure bridge port 1/1/7/46 vlan-id 99
configure bridge port 1/1/7/46 pvid 99
configure bridge port 1/1/7/47 max-unicast-mac 5
configure bridge port 1/1/7/47 vlan-id 10 tag single-tagged l2fwder-vlan 110 vlan-scope local
configure bridge port 1/1/7/47 vlan-id 20 tag single-tagged l2fwder-vlan 120 vlan-scope local qos priority:5
configure bridge port 1/1/7/47 vlan-id 30 tag single-tagged l2fwder-vlan 130 vlan-scope local qos priority:4
configure bridge port 1/1/7/47 vlan-id 99
configure bridge port 1/1/7/47 pvid 99
configure bridge port 1/1/7/48 max-unicast-mac 5
configure bridge port 1/1/7/48 vlan-id 10 tag single-tagged l2fwder-vlan 110 vlan-scope local
configure bridge port 1/1/7/48 vlan-id 20 tag single-tagged l2fwder-vlan 120 vlan-scope local qos priority:5
configure bridge port 1/1/7/48 vlan-id 30 tag single-tagged l2fwder-vlan 130 vlan-scope local qos priority:4
configure bridge port 1/1/7/48 vlan-id 99
configure bridge port 1/1/7/48 pvid 99
configure bridge port 1/1/8/1 max-unicast-mac 5 qos-profile name:qpsUP50Mbps
configure bridge port 1/1/8/1 vlan-id 10 tag single-tagged l2fwder-vlan 110 vlan-scope local
configure bridge port 1/1/8/1 vlan-id 20 tag single-tagged l2fwder-vlan 120 vlan-scope local qos priority:5
configure bridge port 1/1/8/1 vlan-id 30 tag single-tagged l2fwder-vlan 130 vlan-scope local qos priority:4
configure bridge port 1/1/8/2 max-unicast-mac 5 qos-profile name:qpsUP10Mbps
configure bridge port 1/1/8/2 vlan-id 10 tag single-tagged l2fwder-vlan 310 vlan-scope local
configure bridge port 1/1/8/2 vlan-id 20 tag single-tagged l2fwder-vlan 320 vlan-scope local qos priority:5
configure bridge port 1/1/8/2 vlan-id 30 tag single-tagged l2fwder-vlan 130 vlan-scope local qos priority:4
configure bridge port 1/1/8/3 max-unicast-mac 5 qos-profile name:qpsUP5Mbps
configure bridge port 1/1/8/3 vlan-id 10 tag single-tagged l2fwder-vlan 311 vlan-scope local
configure bridge port 1/1/8/3 vlan-id 20 tag single-tagged l2fwder-vlan 320 vlan-scope local qos priority:5
configure bridge port 1/1/8/3 vlan-id 30 tag single-tagged l2fwder-vlan 130 vlan-scope local qos priority:4
configure bridge port 1/1/8/4 max-unicast-mac 5 qos-profile name:qpsUP20Mbps
configure bridge port 1/1/8/4 vlan-id 10 tag single-tagged l2fwder-vlan 310 vlan-scope local
configure bridge port 1/1/8/4 vlan-id 20 tag single-tagged l2fwder-vlan 320 vlan-scope local qos priority:5
configure bridge port 1/1/8/4 vlan-id 30 tag single-tagged l2fwder-vlan 130 vlan-scope local qos priority:4
configure bridge port 1/1/8/5 max-unicast-mac 5 qos-profile name:qpsUP5Mbps
configure bridge port 1/1/8/5 vlan-id 10 tag single-tagged l2fwder-vlan 310 vlan-scope local
configure bridge port 1/1/8/5 vlan-id 20 tag single-tagged l2fwder-vlan 320 vlan-scope local qos priority:5
configure bridge port 1/1/8/6 max-unicast-mac 5 qos-profile name:qpsUP20Mbps
configure bridge port 1/1/8/6 vlan-id 10 tag single-tagged l2fwder-vlan 310 vlan-scope local
configure bridge port 1/1/8/6 vlan-id 20 tag single-tagged l2fwder-vlan 320 vlan-scope local qos priority:5
configure bridge port 1/1/8/6 vlan-id 30 tag single-tagged l2fwder-vlan 130 vlan-scope local qos priority:4
configure bridge port 1/1/8/7 max-unicast-mac 5 qos-profile name:qpsUP920Mbps
configure bridge port 1/1/8/7 vlan-id 10 tag single-tagged l2fwder-vlan 629 vlan-scope local
configure bridge port 1/1/8/7 vlan-id 20 tag single-tagged l2fwder-vlan 699 vlan-scope local qos priority:5
configure bridge port 1/1/8/7 vlan-id 30 tag single-tagged l2fwder-vlan 130 vlan-scope local qos priority:4
configure bridge port 1/1/8/8 max-unicast-mac 5 qos-profile name:qpsUP20Mbps
configure bridge port 1/1/8/8 vlan-id 10 tag single-tagged l2fwder-vlan 310 vlan-scope local
configure bridge port 1/1/8/8 vlan-id 20 tag single-tagged l2fwder-vlan 320 vlan-scope local qos priority:5
configure bridge port 1/1/8/9 max-unicast-mac 5 qos-profile name:qpsUP5Mbps
configure bridge port 1/1/8/9 vlan-id 10 tag single-tagged l2fwder-vlan 310 vlan-scope local
configure bridge port 1/1/8/9 vlan-id 20 tag single-tagged l2fwder-vlan 320 vlan-scope local qos priority:5
configure bridge port 1/1/8/9 vlan-id 30 tag single-tagged l2fwder-vlan 130 vlan-scope local qos priority:4
configure bridge port 1/1/8/10 max-unicast-mac 5 qos-profile name:qpsUP10Mbps
configure bridge port 1/1/8/10 vlan-id 10 tag single-tagged l2fwder-vlan 310 vlan-scope local
configure bridge port 1/1/8/10 vlan-id 20 tag single-tagged l2fwder-vlan 320 vlan-scope local qos priority:5
configure bridge port 1/1/8/11 max-unicast-mac 5 qos-profile name:qpsUP10Mbps
configure bridge port 1/1/8/11 vlan-id 10 tag single-tagged l2fwder-vlan 310 vlan-scope local
configure bridge port 1/1/8/11 vlan-id 20 tag single-tagged l2fwder-vlan 320 vlan-scope local qos priority:5
configure bridge port 1/1/8/11 vlan-id 30 tag single-tagged l2fwder-vlan 130 vlan-scope local qos priority:4
configure bridge port 1/1/8/12 max-unicast-mac 5 qos-profile name:qpsUP20Mbps
configure bridge port 1/1/8/12 vlan-id 10 tag single-tagged l2fwder-vlan 310 vlan-scope local
configure bridge port 1/1/8/12 vlan-id 20 tag single-tagged l2fwder-vlan 320 vlan-scope local qos priority:5
configure bridge port 1/1/8/12 vlan-id 30 tag single-tagged l2fwder-vlan 130 vlan-scope local qos priority:4
configure bridge port 1/1/8/13 max-unicast-mac 5 qos-profile name:qpsUP10Mbps
configure bridge port 1/1/8/13 vlan-id 10 tag single-tagged l2fwder-vlan 310 vlan-scope local
configure bridge port 1/1/8/13 vlan-id 20 tag single-tagged l2fwder-vlan 320 vlan-scope local qos priority:5
configure bridge port 1/1/8/14 max-unicast-mac 5 qos-profile name:qpsUP5Mbps
configure bridge port 1/1/8/14 vlan-id 10 tag single-tagged l2fwder-vlan 310 vlan-scope local
configure bridge port 1/1/8/14 vlan-id 20 tag single-tagged l2fwder-vlan 320 vlan-scope local qos priority:5
configure bridge port 1/1/8/15 max-unicast-mac 5 qos-profile name:qpsUP50Mbps
configure bridge port 1/1/8/15 vlan-id 10 tag single-tagged l2fwder-vlan 310 vlan-scope local
configure bridge port 1/1/8/15 vlan-id 20 tag single-tagged l2fwder-vlan 320 vlan-scope local qos priority:5
configure bridge port 1/1/8/15 vlan-id 30 tag single-tagged l2fwder-vlan 130 vlan-scope local qos priority:4
configure bridge port 1/1/8/16 max-unicast-mac 5 qos-profile name:qpsUP5Mbps
configure bridge port 1/1/8/16 vlan-id 10 tag single-tagged l2fwder-vlan 310 vlan-scope local
configure bridge port 1/1/8/16 vlan-id 20 tag single-tagged l2fwder-vlan 320 vlan-scope local qos priority:5
configure bridge port 1/1/8/17 max-unicast-mac 5 qos-profile name:qpsUP5Mbps
configure bridge port 1/1/8/17 vlan-id 10 tag single-tagged l2fwder-vlan 310 vlan-scope local
configure bridge port 1/1/8/17 vlan-id 20 tag single-tagged l2fwder-vlan 320 vlan-scope local qos priority:5
configure bridge port 1/1/8/18 max-unicast-mac 5 qos-profile name:qpsUP5Mbps
configure bridge port 1/1/8/18 vlan-id 10 tag single-tagged l2fwder-vlan 310 vlan-scope local
configure bridge port 1/1/8/18 vlan-id 20 tag single-tagged l2fwder-vlan 320 vlan-scope local qos priority:5
configure bridge port 1/1/8/18 vlan-id 30 tag single-tagged l2fwder-vlan 130 vlan-scope local qos priority:4
configure bridge port 1/1/8/19 max-unicast-mac 5 qos-profile name:qpsUP5Mbps
configure bridge port 1/1/8/19 vlan-id 10 tag single-tagged l2fwder-vlan 310 vlan-scope local
configure bridge port 1/1/8/19 vlan-id 20 tag single-tagged l2fwder-vlan 320 vlan-scope local qos priority:5
configure bridge port 1/1/8/20 max-unicast-mac 5 qos-profile name:qpsUP5Mbps
configure bridge port 1/1/8/20 vlan-id 10 tag single-tagged l2fwder-vlan 310 vlan-scope local
configure bridge port 1/1/8/20 vlan-id 20 tag single-tagged l2fwder-vlan 320 vlan-scope local qos priority:5
configure bridge port 1/1/8/20 vlan-id 30 tag single-tagged l2fwder-vlan 130 vlan-scope local qos priority:4
configure bridge port 1/1/8/21 max-unicast-mac 5 qos-profile name:qpsUP10Mbps
configure bridge port 1/1/8/21 vlan-id 10 tag single-tagged l2fwder-vlan 310 vlan-scope local
configure bridge port 1/1/8/21 vlan-id 20 tag single-tagged l2fwder-vlan 320 vlan-scope local qos priority:5
configure bridge port 1/1/8/21 vlan-id 30 tag single-tagged l2fwder-vlan 130 vlan-scope local qos priority:4
configure bridge port 1/1/8/22 max-unicast-mac 5 qos-profile name:qpsUP20Mbps
configure bridge port 1/1/8/22 vlan-id 10 tag single-tagged l2fwder-vlan 310 vlan-scope local
configure bridge port 1/1/8/22 vlan-id 20 tag single-tagged l2fwder-vlan 320 vlan-scope local qos priority:5
configure bridge port 1/1/8/22 vlan-id 30 tag single-tagged l2fwder-vlan 130 vlan-scope local qos priority:4
configure bridge port 1/1/8/23 max-unicast-mac 5 qos-profile name:qpsUP5Mbps
configure bridge port 1/1/8/23 vlan-id 10 tag single-tagged l2fwder-vlan 310 vlan-scope local
configure bridge port 1/1/8/23 vlan-id 20 tag single-tagged l2fwder-vlan 320 vlan-scope local qos priority:5
configure bridge port 1/1/8/24 max-unicast-mac 5 qos-profile name:qpsUP20Mbps
configure bridge port 1/1/8/24 vlan-id 10 tag single-tagged l2fwder-vlan 310 vlan-scope local
configure bridge port 1/1/8/24 vlan-id 20 tag single-tagged l2fwder-vlan 320 vlan-scope local qos priority:5
configure bridge port 1/1/8/24 vlan-id 30 tag single-tagged l2fwder-vlan 130 vlan-scope local qos priority:4
configure bridge port 1/1/8/25 max-unicast-mac 5 qos-profile name:qpsUP10Mbps
configure bridge port 1/1/8/25 vlan-id 10 tag single-tagged l2fwder-vlan 310 vlan-scope local
configure bridge port 1/1/8/26 max-unicast-mac 5 qos-profile name:qpsUP20Mbps
configure bridge port 1/1/8/26 vlan-id 10 tag single-tagged l2fwder-vlan 310 vlan-scope local
configure bridge port 1/1/8/26 vlan-id 20 tag single-tagged l2fwder-vlan 320 vlan-scope local qos priority:5
configure bridge port 1/1/8/26 vlan-id 30 tag single-tagged l2fwder-vlan 130 vlan-scope local qos priority:4
configure bridge port 1/1/8/27 max-unicast-mac 5 qos-profile name:qpsUP10Mbps
configure bridge port 1/1/8/27 vlan-id 10 tag single-tagged l2fwder-vlan 310 vlan-scope local
configure bridge port 1/1/8/27 vlan-id 20 tag single-tagged l2fwder-vlan 320 vlan-scope local qos priority:5
configure bridge port 1/1/8/28 max-unicast-mac 5 qos-profile name:qpsUP5Mbps
configure bridge port 1/1/8/28 vlan-id 10 tag single-tagged l2fwder-vlan 310 vlan-scope local
configure bridge port 1/1/8/28 vlan-id 20 tag single-tagged l2fwder-vlan 320 vlan-scope local qos priority:5
configure bridge port 1/1/8/29 max-unicast-mac 5 qos-profile name:qpsUP10Mbps
configure bridge port 1/1/8/29 vlan-id 10 tag single-tagged l2fwder-vlan 310 vlan-scope local
configure bridge port 1/1/8/30 max-unicast-mac 5 qos-profile name:qpsUP5Mbps
configure bridge port 1/1/8/30 vlan-id 10 tag single-tagged l2fwder-vlan 311 vlan-scope local
configure bridge port 1/1/8/30 vlan-id 20 tag single-tagged l2fwder-vlan 320 vlan-scope local qos priority:5
configure bridge port 1/1/8/31 max-unicast-mac 5 qos-profile name:qpsUP20Mbps
configure bridge port 1/1/8/31 vlan-id 10 tag single-tagged l2fwder-vlan 310 vlan-scope local
configure bridge port 1/1/8/31 vlan-id 20 tag single-tagged l2fwder-vlan 320 vlan-scope local qos priority:5
configure bridge port 1/1/8/32 max-unicast-mac 5 qos-profile name:qpsUP20Mbps
configure bridge port 1/1/8/32 vlan-id 10 tag single-tagged l2fwder-vlan 311 vlan-scope local
configure bridge port 1/1/8/32 vlan-id 20 tag single-tagged l2fwder-vlan 320 vlan-scope local qos priority:5
configure bridge port 1/1/8/32 vlan-id 30 tag single-tagged l2fwder-vlan 130 vlan-scope local qos priority:4
configure bridge port 1/1/8/33 max-unicast-mac 5 qos-profile name:qpsUP10Mbps
configure bridge port 1/1/8/33 vlan-id 10 tag single-tagged l2fwder-vlan 311 vlan-scope local
configure bridge port 1/1/8/33 vlan-id 20 tag single-tagged l2fwder-vlan 320 vlan-scope local qos priority:5
configure bridge port 1/1/8/34 max-unicast-mac 5 qos-profile name:qpsUP10Mbps
configure bridge port 1/1/8/34 vlan-id 10 tag single-tagged l2fwder-vlan 310 vlan-scope local
configure bridge port 1/1/8/34 vlan-id 20 tag single-tagged l2fwder-vlan 320 vlan-scope local qos priority:5
configure bridge port 1/1/8/35 max-unicast-mac 5 qos-profile name:qpsUP10Mbps
configure bridge port 1/1/8/35 vlan-id 10 tag single-tagged l2fwder-vlan 310 vlan-scope local
configure bridge port 1/1/8/36 max-unicast-mac 5 qos-profile name:qpsUP10Mbps
configure bridge port 1/1/8/36 vlan-id 10 tag single-tagged l2fwder-vlan 310 vlan-scope local
